#
# A fatal error has been detected by the Java Runtime Environment:
#
#  EXCEPTION_ILLEGAL_INSTRUCTION (0xc000001d) at pc=0x0000000069f691f8, pid=196, tid=0x00000000000023c0
#
# JRE version: OpenJDK Runtime Environment (8.0_202-b03) (build 1.8.0_202-release-1483-b03)
# Java VM: OpenJDK 64-Bit Server VM (25.202-b03 mixed mode windows-amd64 compressed oops)
# Problematic frame:
# V  [jvm.dll+0x2691f8]
#
# Failed to write core dump. Minidumps are not enabled by default on client versions of Windows
#
# If you would like to submit a bug report, please visit:
#   http://bugreport.java.com/bugreport/crash.jsp
#

---------------  T H R E A D  ---------------

Current thread (0x0000000018ed0800):  JavaThread "Daemon worker" [_thread_in_vm, id=9152, stack(0x000000001a420000,0x000000001a520000)]

siginfo: ExceptionCode=0xc000001d

Registers:
RAX=0x0000000000000001, RBX=0x000000001a517300, RCX=0x0000000000000000, RDX=0x0000005b2f225862
RSP=0x000000001a517230, RBP=0x000000001a517319, RSI=0x0000000000000001, RDI=0x0000000017d51a90
R8 =0x000000007ffe1000, R9 =0x0000000018ed0883, R10=0x00000000546c6148, R11=0x0000021407cb1576
R12=0x0000000018ed0800, R13=0x0000000000000000, R14=0x0000000017d51a90, R15=0x0000000018ed0800
RIP=0x0000000069f691f8, EFLAGS=0x0000000000010202

Top of Stack: (sp=0x000000001a517230)
0x000000001a517230:   000000001a517300 0000000000000030
0x000000001a517240:   0000000000000000 000000001a5171d8
0x000000001a517250:   0000000000000040 0000000069f56375
0x000000001a517260:   0000026f36ed6dd8 0000000003e6595b
0x000000001a517270:   000000001a5178e0 0000000069d76f0f
0x000000001a517280:   0000000017d51a90 0000000069d592d0
0x000000001a517290:   000000001a517900 000000001a5178e0
0x000000001a5172a0:   000000001a5173a0 0000000069fa8bc1
0x000000001a5172b0:   000000001a517370 0000000000000000
0x000000001a5172c0:   000000001a518540 000000001a517910
0x000000001a5172d0:   00000000e668f870 0000000000000000
0x000000001a5172e0:   0000000018ed0800 0000000069fa8e9b
0x000000001a5172f0:   000000001a517370 000000001a5179d0
0x000000001a517300:   0000000000000000 0000000069eedcd0
0x000000001a517310:   0000000003e59e59 000000006a1188a4
0x000000001a517320:   0000000003e59e59 0000000000000000 

Instructions: (pc=0x0000000069f691f8)
0x0000000069f691d8:   83 c4 20 5b c3 cc cc cc 48 83 ec 28 83 3d f5 d8
0x0000000069f691e8:   55 00 00 74 27 48 8d 4c 24 30 ff 15 c8 0e 34 00
0x0000000069f691f8:   48 63 44 24 34 8b 4c 24 30 48 c1 e0 20 48 0b c1
0x0000000069f69208:   48 2b 05 79 d8 55 00 48 83 c4 28 c3 48 8d 4c 24 


Register to memory mapping:

RAX=0x0000000000000001 is an unknown value
RBX=0x000000001a517300 is pointing into the stack for thread: 0x0000000018ed0800
RCX=0x0000000000000000 is an unknown value
RDX=0x0000005b2f225862 is an unknown value
RSP=0x000000001a517230 is pointing into the stack for thread: 0x0000000018ed0800
RBP=0x000000001a517319 is pointing into the stack for thread: 0x0000000018ed0800
RSI=0x0000000000000001 is an unknown value
RDI=0x0000000017d51a90 is an unknown value
R8 =0x000000007ffe1000 is an unknown value
R9 =0x0000000018ed0883 is an unknown value
R10=0x00000000546c6148 is an unknown value
R11=0x0000021407cb1576 is an unknown value
R12=0x0000000018ed0800 is a thread
R13=0x0000000000000000 is an unknown value
R14=0x0000000017d51a90 is an unknown value
R15=0x0000000018ed0800 is a thread


Stack: [0x000000001a420000,0x000000001a520000],  sp=0x000000001a517230,  free space=988k
Native frames: (J=compiled Java code, j=interpreted, Vv=VM code, C=native code)
V  [jvm.dll+0x2691f8]
V  [jvm.dll+0x256375]
V  [jvm.dll+0x592d0]
V  [jvm.dll+0x5ae86]
V  [jvm.dll+0x5aedd]
V  [jvm.dll+0x156ed4]
V  [jvm.dll+0x117e01]
C  [java.dll+0xe17c]
C  [nio.dll+0x4de3]
C  [nio.dll+0x5687]
C  0x0000000003e5219b

Java frames: (J=compiled Java code, j=interpreted, Vv=VM code)
J 4220  sun.nio.fs.WindowsNativeDispatcher.FindFirstFile0(JLsun/nio/fs/WindowsNativeDispatcher$FirstFile;)V (0 bytes) @ 0x0000000003e52115 [0x0000000003e520c0+0x55]
J 4186 C1 sun.nio.fs.WindowsNativeDispatcher.FindFirstFile(Ljava/lang/String;)Lsun/nio/fs/WindowsNativeDispatcher$FirstFile; (39 bytes) @ 0x0000000003e35c74 [0x0000000003e35a60+0x214]
J 4185 C1 sun.nio.fs.WindowsDirectoryStream.<init>(Lsun/nio/fs/WindowsPath;Ljava/nio/file/DirectoryStream$Filter;)V (175 bytes) @ 0x0000000003e3bfac [0x0000000003e3b100+0xeac]
J 4226 C1 sun.nio.fs.WindowsFileSystemProvider.checkReadAccess(Lsun/nio/fs/WindowsPath;)V (48 bytes) @ 0x0000000003e59efc [0x0000000003e59ba0+0x35c]
J 4225 C1 sun.nio.fs.WindowsFileSystemProvider.checkAccess(Ljava/nio/file/Path;[Ljava/nio/file/AccessMode;)V (294 bytes) @ 0x0000000003e58024 [0x0000000003e56f00+0x1124]
J 4216 C1 java.nio.file.Files.exists(Ljava/nio/file/Path;[Ljava/nio/file/LinkOption;)Z (44 bytes) @ 0x0000000003e52bcc [0x0000000003e52860+0x36c]
J 4223 C1 com.android.repository.impl.manager.LocalRepoLoaderImpl.collectPackages(Ljava/util/Collection;Ljava/io/File;I)V (129 bytes) @ 0x0000000003e5420c [0x0000000003e53c00+0x60c]
J 4223 C1 com.android.repository.impl.manager.LocalRepoLoaderImpl.collectPackages(Ljava/util/Collection;Ljava/io/File;I)V (129 bytes) @ 0x0000000003e55414 [0x0000000003e53c00+0x1814]
J 4223 C1 com.android.repository.impl.manager.LocalRepoLoaderImpl.collectPackages(Ljava/util/Collection;Ljava/io/File;I)V (129 bytes) @ 0x0000000003e55414 [0x0000000003e53c00+0x1814]
J 4223 C1 com.android.repository.impl.manager.LocalRepoLoaderImpl.collectPackages(Ljava/util/Collection;Ljava/io/File;I)V (129 bytes) @ 0x0000000003e55414 [0x0000000003e53c00+0x1814]
J 4223 C1 com.android.repository.impl.manager.LocalRepoLoaderImpl.collectPackages(Ljava/util/Collection;Ljava/io/File;I)V (129 bytes) @ 0x0000000003e55414 [0x0000000003e53c00+0x1814]
J 4223 C1 com.android.repository.impl.manager.LocalRepoLoaderImpl.collectPackages(Ljava/util/Collection;Ljava/io/File;I)V (129 bytes) @ 0x0000000003e55414 [0x0000000003e53c00+0x1814]
J 4223 C1 com.android.repository.impl.manager.LocalRepoLoaderImpl.collectPackages(Ljava/util/Collection;Ljava/io/File;I)V (129 bytes) @ 0x0000000003e55414 [0x0000000003e53c00+0x1814]
J 4223 C1 com.android.repository.impl.manager.LocalRepoLoaderImpl.collectPackages(Ljava/util/Collection;Ljava/io/File;I)V (129 bytes) @ 0x0000000003e55414 [0x0000000003e53c00+0x1814]
j  com.android.repository.impl.manager.LocalRepoLoaderImpl.collectPackages()Ljava/util/Set;+18
j  com.android.repository.impl.manager.LocalRepoLoaderImpl.getLatestPackageUpdateTime()J+3
j  com.android.repository.impl.manager.LocalRepoLoaderImpl.updateKnownPackageHashFileIfNecessary()Z+13
j  com.android.repository.impl.manager.LocalRepoLoaderImpl.needsUpdate(JZ)Z+17
j  com.android.repository.impl.manager.RepoManagerImpl.reloadLocalIfNeeded(Lcom/android/repository/api/ProgressIndicator;)Z+22
j  com.android.builder.sdk.DefaultSdkLoader.init(Lcom/android/utils/ILogger;)V+36
j  com.android.builder.sdk.DefaultSdkLoader.getSdkInfo(Lcom/android/utils/ILogger;)Lcom/android/builder/sdk/SdkInfo;+2
j  com.android.build.gradle.internal.SdkHandler.initTarget(Ljava/lang/String;Lcom/android/repository/Revision;Ljava/util/Collection;Lcom/android/builder/core/AndroidBuilder;Z)Z+196
j  com.android.build.gradle.BasePlugin.ensureTargetSetup()Z+77
j  com.android.build.gradle.BasePlugin.createAndroidTasks()V+126
j  com.android.build.gradle.BasePlugin.lambda$null$4()V+1
j  com.android.build.gradle.BasePlugin$$Lambda$78.call()V+4
j  com.android.builder.profile.ThreadRecorder.record(Lcom/google/wireless/android/sdk/stats/GradleBuildProfileSpan$ExecutionType;Ljava/lang/String;Ljava/lang/String;Lcom/android/builder/profile/Recorder$VoidBlock;)V+17
j  com.android.build.gradle.BasePlugin.lambda$createTasks$5(Lorg/gradle/api/Project;)V+27
j  com.android.build.gradle.BasePlugin$$Lambda$77.execute(Ljava/lang/Object;)V+8
j  org.gradle.configuration.internal.DefaultListenerBuildOperationDecorator$BuildOperationEmittingAction$1$1.run()V+17
j  org.gradle.configuration.internal.DefaultUserCodeApplicationContext.reapply(Lorg/gradle/configuration/internal/UserCodeApplicationId;Ljava/lang/Runnable;)V+19
j  org.gradle.configuration.internal.DefaultListenerBuildOperationDecorator$BuildOperationEmittingAction$1.run(Lorg/gradle/internal/operations/BuildOperationContext;)V+25
j  org.gradle.internal.operations.DefaultBuildOperationExecutor$RunnableBuildOperationWorker.execute(Lorg/gradle/internal/operations/RunnableBuildOperation;Lorg/gradle/internal/operations/BuildOperationContext;)V+2
j  org.gradle.internal.operations.DefaultBuildOperationExecutor$RunnableBuildOperationWorker.execute(Lorg/gradle/internal/operations/BuildOperation;Lorg/gradle/internal/operations/BuildOperationContext;)V+6
j  org.gradle.internal.operations.DefaultBuildOperationExecutor.execute(Lorg/gradle/internal/operations/BuildOperation;Lorg/gradle/internal/operations/BuildOperationWorker;Lorg/gradle/internal/operations/DefaultBuildOperationExecutor$BuildOperationState;)V+148
j  org.gradle.internal.operations.DefaultBuildOperationExecutor.run(Lorg/gradle/internal/operations/RunnableBuildOperation;)V+14
j  org.gradle.configuration.internal.DefaultListenerBuildOperationDecorator$BuildOperationEmittingAction.execute(Ljava/lang/Object;)V+24
j  org.gradle.internal.event.BroadcastDispatch$ActionInvocationHandler.dispatch(Lorg/gradle/internal/dispatch/MethodInvocation;)V+27
j  org.gradle.internal.event.BroadcastDispatch$ActionInvocationHandler.dispatch(Ljava/lang/Object;)V+5
j  org.gradle.internal.event.AbstractBroadcastDispatch.dispatch(Lorg/gradle/internal/dispatch/MethodInvocation;Lorg/gradle/internal/dispatch/Dispatch;)V+2
J 3625 C1 org.gradle.internal.event.BroadcastDispatch$SingletonDispatch.dispatch(Ljava/lang/Object;)V (9 bytes) @ 0x0000000003cc4b34 [0x0000000003cc4900+0x234]
j  org.gradle.internal.event.AbstractBroadcastDispatch.dispatch(Lorg/gradle/internal/dispatch/MethodInvocation;Ljava/util/Iterator;)V+25
j  org.gradle.internal.event.BroadcastDispatch$CompositeDispatch.dispatch(Lorg/gradle/internal/dispatch/MethodInvocation;)V+11
j  org.gradle.internal.event.BroadcastDispatch$CompositeDispatch.dispatch(Ljava/lang/Object;)V+5
j  org.gradle.internal.event.ListenerBroadcast.dispatch(Lorg/gradle/internal/dispatch/MethodInvocation;)V+5
j  org.gradle.internal.event.ListenerBroadcast.dispatch(Ljava/lang/Object;)V+5
j  org.gradle.internal.dispatch.ProxyDispatchAdapter$DispatchingInvocationHandler.invoke(Ljava/lang/Object;Ljava/lang/reflect/Method;[Ljava/lang/Object;)Ljava/lang/Object;+178
j  com.sun.proxy.$Proxy28.afterEvaluate(Lorg/gradle/api/Project;Lorg/gradle/api/ProjectState;)V+20
j  org.gradle.configuration.project.LifecycleProjectEvaluator$NotifyAfterEvaluate$1.execute(Lorg/gradle/api/ProjectEvaluationListener;)V+15
j  org.gradle.configuration.project.LifecycleProjectEvaluator$NotifyAfterEvaluate$1.execute(Ljava/lang/Object;)V+5
j  org.gradle.api.internal.project.DefaultProject.stepEvaluationListener(Lorg/gradle/api/ProjectEvaluationListener;Lorg/gradle/api/Action;)Lorg/gradle/api/ProjectEvaluationListener;+19
j  org.gradle.configuration.project.LifecycleProjectEvaluator$NotifyAfterEvaluate.run(Lorg/gradle/internal/operations/BuildOperationContext;)V+25
j  org.gradle.internal.operations.DefaultBuildOperationExecutor$RunnableBuildOperationWorker.execute(Lorg/gradle/internal/operations/RunnableBuildOperation;Lorg/gradle/internal/operations/BuildOperationContext;)V+2
j  org.gradle.internal.operations.DefaultBuildOperationExecutor$RunnableBuildOperationWorker.execute(Lorg/gradle/internal/operations/BuildOperation;Lorg/gradle/internal/operations/BuildOperationContext;)V+6
j  org.gradle.internal.operations.DefaultBuildOperationExecutor.execute(Lorg/gradle/internal/operations/BuildOperation;Lorg/gradle/internal/operations/BuildOperationWorker;Lorg/gradle/internal/operations/DefaultBuildOperationExecutor$BuildOperationState;)V+148
j  org.gradle.internal.operations.DefaultBuildOperationExecutor.run(Lorg/gradle/internal/operations/RunnableBuildOperation;)V+14
j  org.gradle.internal.operations.DelegatingBuildOperationExecutor.run(Lorg/gradle/internal/operations/RunnableBuildOperation;)V+5
j  org.gradle.configuration.project.LifecycleProjectEvaluator$EvaluateProject.run(Lorg/gradle/internal/operations/BuildOperationContext;)V+102
j  org.gradle.internal.operations.DefaultBuildOperationExecutor$RunnableBuildOperationWorker.execute(Lorg/gradle/internal/operations/RunnableBuildOperation;Lorg/gradle/internal/operations/BuildOperationContext;)V+2
j  org.gradle.internal.operations.DefaultBuildOperationExecutor$RunnableBuildOperationWorker.execute(Lorg/gradle/internal/operations/BuildOperation;Lorg/gradle/internal/operations/BuildOperationContext;)V+6
j  org.gradle.internal.operations.DefaultBuildOperationExecutor.execute(Lorg/gradle/internal/operations/BuildOperation;Lorg/gradle/internal/operations/BuildOperationWorker;Lorg/gradle/internal/operations/DefaultBuildOperationExecutor$BuildOperationState;)V+148
j  org.gradle.internal.operations.DefaultBuildOperationExecutor.run(Lorg/gradle/internal/operations/RunnableBuildOperation;)V+14
j  org.gradle.internal.operations.DelegatingBuildOperationExecutor.run(Lorg/gradle/internal/operations/RunnableBuildOperation;)V+5
j  org.gradle.configuration.project.LifecycleProjectEvaluator.evaluate(Lorg/gradle/api/internal/project/ProjectInternal;Lorg/gradle/api/internal/project/ProjectStateInternal;)V+22
j  org.gradle.api.internal.project.DefaultProject.evaluate()Lorg/gradle/api/internal/project/DefaultProject;+9
j  org.gradle.api.internal.project.DefaultProject.evaluationDependsOn(Lorg/gradle/api/internal/project/DefaultProject;)Lorg/gradle/api/Project;+32
j  org.gradle.api.internal.project.DefaultProject.evaluationDependsOn(Ljava/lang/String;)Lorg/gradle/api/Project;+28
j  org.gradle.api.Project$evaluationDependsOn.call(Ljava/lang/Object;[Ljava/lang/Object;)Ljava/lang/Object;+19
j  org.codehaus.groovy.runtime.callsite.CallSiteArray.defaultCall(Lorg/codehaus/groovy/runtime/callsite/CallSite;Ljava/lang/Object;[Ljava/lang/Object;)Ljava/lang/Object;+8
j  org.codehaus.groovy.runtime.callsite.AbstractCallSite.call(Ljava/lang/Object;[Ljava/lang/Object;)Ljava/lang/Object;+3
j  org.codehaus.groovy.runtime.callsite.AbstractCallSite.call(Ljava/lang/Object;Ljava/lang/Object;)Ljava/lang/Object;+33
j  build_60socz9subs05v8is1p9ty5e7$_run_closure3.doCall(Ljava/lang/Object;)Ljava/lang/Object;+20
v  ~StubRoutines::call_stub
J 1899  sun.reflect.NativeMethodAccessorImpl.invoke0(Ljava/lang/reflect/Method;Ljava/lang/Object;[Ljava/lang/Object;)Ljava/lang/Object; (0 bytes) @ 0x000000000389a2bf [0x000000000389a240+0x7f]
J 1898 C1 sun.reflect.NativeMethodAccessorImpl.invoke(Ljava/lang/Object;[Ljava/lang/Object;)Ljava/lang/Object; (104 bytes) @ 0x0000000003899524 [0x0000000003898380+0x11a4]
J 1265 C1 sun.reflect.DelegatingMethodAccessorImpl.invoke(Ljava/lang/Object;[Ljava/lang/Object;)Ljava/lang/Object; (10 bytes) @ 0x0000000003583f04 [0x0000000003583e00+0x104]
J 1264 C1 java.lang.reflect.Method.invoke(Ljava/lang/Object;[Ljava/lang/Object;)Ljava/lang/Object; (62 bytes) @ 0x00000000035846ac [0x00000000035842c0+0x3ec]
j  org.codehaus.groovy.reflection.CachedMethod.invoke(Ljava/lang/Object;[Ljava/lang/Object;)Ljava/lang/Object;+6
j  groovy.lang.MetaMethod.doMethodInvoke(Ljava/lang/Object;[Ljava/lang/Object;)Ljava/lang/Object;+9
j  org.codehaus.groovy.runtime.metaclass.ClosureMetaClass.invokeMethod(Ljava/lang/Class;Ljava/lang/Object;Ljava/lang/String;[Ljava/lang/Object;ZZ)Ljava/lang/Object;+225
j  groovy.lang.MetaClassImpl.invokeMethod(Ljava/lang/Object;Ljava/lang/String;[Ljava/lang/Object;)Ljava/lang/Object;+10
j  groovy.lang.Closure.call([Ljava/lang/Object;)Ljava/lang/Object;+8
j  groovy.lang.Closure.call(Ljava/lang/Object;)Ljava/lang/Object;+9
j  org.gradle.api.internal.ClosureBackedAction.execute(Ljava/lang/Object;)V+80
j  org.gradle.util.ConfigureUtil.configureTarget(Lgroovy/lang/Closure;Ljava/lang/Object;Lorg/gradle/internal/metaobject/ConfigureDelegate;)V+44
j  org.gradle.util.ConfigureUtil.configure(Lgroovy/lang/Closure;Ljava/lang/Object;)Ljava/lang/Object;+38
j  org.gradle.util.ConfigureUtil$WrappedConfigureAction.execute(Ljava/lang/Object;)V+5
j  org.gradle.api.internal.project.BuildOperationCrossProjectConfigurator$4.execute(Ljava/lang/Object;)V+39
j  org.gradle.internal.Actions.with(Ljava/lang/Object;Lorg/gradle/api/Action;)Ljava/lang/Object;+2
j  org.gradle.api.internal.project.BuildOperationCrossProjectConfigurator$3.run(Lorg/gradle/internal/operations/BuildOperationContext;)V+15
j  org.gradle.internal.operations.DefaultBuildOperationExecutor$RunnableBuildOperationWorker.execute(Lorg/gradle/internal/operations/RunnableBuildOperation;Lorg/gradle/internal/operations/BuildOperationContext;)V+2
j  org.gradle.internal.operations.DefaultBuildOperationExecutor$RunnableBuildOperationWorker.execute(Lorg/gradle/internal/operations/BuildOperation;Lorg/gradle/internal/operations/BuildOperationContext;)V+6
j  org.gradle.internal.operations.DefaultBuildOperationExecutor.execute(Lorg/gradle/internal/operations/BuildOperation;Lorg/gradle/internal/operations/BuildOperationWorker;Lorg/gradle/internal/operations/DefaultBuildOperationExecutor$BuildOperationState;)V+148
j  org.gradle.internal.operations.DefaultBuildOperationExecutor.run(Lorg/gradle/internal/operations/RunnableBuildOperation;)V+14
j  org.gradle.internal.operations.DelegatingBuildOperationExecutor.run(Lorg/gradle/internal/operations/RunnableBuildOperation;)V+5
j  org.gradle.api.internal.project.BuildOperationCrossProjectConfigurator.runProjectConfigureAction(Lorg/gradle/api/Project;Lorg/gradle/api/Action;)V+15
j  org.gradle.api.internal.project.BuildOperationCrossProjectConfigurator.access$400(Lorg/gradle/api/internal/project/BuildOperationCrossProjectConfigurator;Lorg/gradle/api/Project;Lorg/gradle/api/Action;)V+3
j  org.gradle.api.internal.project.BuildOperationCrossProjectConfigurator$2.doRunProjectConfigure(Lorg/gradle/api/Project;)V+9
j  org.gradle.api.internal.project.BuildOperationCrossProjectConfigurator$BlockConfigureBuildOperation.run(Lorg/gradle/internal/operations/BuildOperationContext;)V+31
j  org.gradle.internal.operations.DefaultBuildOperationExecutor$RunnableBuildOperationWorker.execute(Lorg/gradle/internal/operations/RunnableBuildOperation;Lorg/gradle/internal/operations/BuildOperationContext;)V+2
j  org.gradle.internal.operations.DefaultBuildOperationExecutor$RunnableBuildOperationWorker.execute(Lorg/gradle/internal/operations/BuildOperation;Lorg/gradle/internal/operations/BuildOperationContext;)V+6
j  org.gradle.internal.operations.DefaultBuildOperationExecutor.execute(Lorg/gradle/internal/operations/BuildOperation;Lorg/gradle/internal/operations/BuildOperationWorker;Lorg/gradle/internal/operations/DefaultBuildOperationExecutor$BuildOperationState;)V+148
j  org.gradle.internal.operations.DefaultBuildOperationExecutor.run(Lorg/gradle/internal/operations/RunnableBuildOperation;)V+14
j  org.gradle.internal.operations.DelegatingBuildOperationExecutor.run(Lorg/gradle/internal/operations/RunnableBuildOperation;)V+5
j  org.gradle.api.internal.project.BuildOperationCrossProjectConfigurator.runBlockConfigureAction(Lorg/gradle/internal/operations/BuildOperationDescriptor$Builder;Ljava/lang/Iterable;Lorg/gradle/api/Action;)V+15
j  org.gradle.api.internal.project.BuildOperationCrossProjectConfigurator.subprojects(Ljava/lang/Iterable;Lorg/gradle/api/Action;)V+6
j  org.gradle.api.internal.project.DefaultProject.subprojects(Lgroovy/lang/Closure;)V+12
v  ~StubRoutines::call_stub
J 1899  sun.reflect.NativeMethodAccessorImpl.invoke0(Ljava/lang/reflect/Method;Ljava/lang/Object;[Ljava/lang/Object;)Ljava/lang/Object; (0 bytes) @ 0x000000000389a2bf [0x000000000389a240+0x7f]
J 1898 C1 sun.reflect.NativeMethodAccessorImpl.invoke(Ljava/lang/Object;[Ljava/lang/Object;)Ljava/lang/Object; (104 bytes) @ 0x0000000003899524 [0x0000000003898380+0x11a4]
J 1265 C1 sun.reflect.DelegatingMethodAccessorImpl.invoke(Ljava/lang/Object;[Ljava/lang/Object;)Ljava/lang/Object; (10 bytes) @ 0x0000000003583f04 [0x0000000003583e00+0x104]
J 1264 C1 java.lang.reflect.Method.invoke(Ljava/lang/Object;[Ljava/lang/Object;)Ljava/lang/Object; (62 bytes) @ 0x00000000035846ac [0x00000000035842c0+0x3ec]
j  org.codehaus.groovy.reflection.CachedMethod.invoke(Ljava/lang/Object;[Ljava/lang/Object;)Ljava/lang/Object;+6
j  groovy.lang.MetaMethod.doMethodInvoke(Ljava/lang/Object;[Ljava/lang/Object;)Ljava/lang/Object;+9
j  org.gradle.internal.metaobject.BeanDynamicObject$MetaClassAdapter.invokeMethod(Ljava/lang/String;[Ljava/lang/Object;)Lorg/gradle/internal/metaobject/DynamicInvokeResult;+36
j  org.gradle.internal.metaobject.BeanDynamicObject.tryInvokeMethod(Ljava/lang/String;[Ljava/lang/Object;)Lorg/gradle/internal/metaobject/DynamicInvokeResult;+6
j  org.gradle.internal.metaobject.CompositeDynamicObject.tryInvokeMethod(Ljava/lang/String;[Ljava/lang/Object;)Lorg/gradle/internal/metaobject/DynamicInvokeResult;+29
j  org.gradle.internal.metaobject.MixInClosurePropertiesAsMethodsDynamicObject.tryInvokeMethod(Ljava/lang/String;[Ljava/lang/Object;)Lorg/gradle/internal/metaobject/DynamicInvokeResult;+3
j  org.gradle.groovy.scripts.BasicScript$ScriptDynamicObject.tryInvokeMethod(Ljava/lang/String;[Ljava/lang/Object;)Lorg/gradle/internal/metaobject/DynamicInvokeResult;+27
j  org.gradle.internal.metaobject.AbstractDynamicObject.invokeMethod(Ljava/lang/String;[Ljava/lang/Object;)Ljava/lang/Object;+3
j  org.gradle.groovy.scripts.BasicScript.invokeMethod(Ljava/lang/String;Ljava/lang/Object;)Ljava/lang/Object;+12
j  org.codehaus.groovy.runtime.callsite.PogoMetaClassSite.callCurrent(Lgroovy/lang/GroovyObject;[Ljava/lang/Object;)Ljava/lang/Object;+71
j  org.codehaus.groovy.runtime.callsite.CallSiteArray.defaultCallCurrent(Lorg/codehaus/groovy/runtime/callsite/CallSite;Lgroovy/lang/GroovyObject;[Ljava/lang/Object;)Ljava/lang/Object;+17
j  org.codehaus.groovy.runtime.callsite.AbstractCallSite.callCurrent(Lgroovy/lang/GroovyObject;[Ljava/lang/Object;)Ljava/lang/Object;+3
j  org.codehaus.groovy.runtime.callsite.AbstractCallSite.callCurrent(Lgroovy/lang/GroovyObject;Ljava/lang/Object;)Ljava/lang/Object;+33
j  build_60socz9subs05v8is1p9ty5e7.run()Ljava/lang/Object;+83
j  org.gradle.groovy.scripts.internal.DefaultScriptRunnerFactory$ScriptRunnerImpl.run(Ljava/lang/Object;Lorg/gradle/internal/service/ServiceRegistry;)V+57
j  org.gradle.configuration.DefaultScriptPluginFactory$ScriptPluginImpl$2.run()V+12
j  org.gradle.configuration.ProjectScriptTarget.addConfiguration(Ljava/lang/Runnable;Z)V+18
j  org.gradle.configuration.DefaultScriptPluginFactory$ScriptPluginImpl.apply(Ljava/lang/Object;)V+621
j  org.gradle.configuration.BuildOperationScriptPlugin$1$1.run(Lorg/gradle/internal/operations/BuildOperationContext;)V+17
j  org.gradle.internal.operations.DefaultBuildOperationExecutor$RunnableBuildOperationWorker.execute(Lorg/gradle/internal/operations/RunnableBuildOperation;Lorg/gradle/internal/operations/BuildOperationContext;)V+2
j  org.gradle.internal.operations.DefaultBuildOperationExecutor$RunnableBuildOperationWorker.execute(Lorg/gradle/internal/operations/BuildOperation;Lorg/gradle/internal/operations/BuildOperationContext;)V+6
j  org.gradle.internal.operations.DefaultBuildOperationExecutor.execute(Lorg/gradle/internal/operations/BuildOperation;Lorg/gradle/internal/operations/BuildOperationWorker;Lorg/gradle/internal/operations/DefaultBuildOperationExecutor$BuildOperationState;)V+148
j  org.gradle.internal.operations.DefaultBuildOperationExecutor.run(Lorg/gradle/internal/operations/RunnableBuildOperation;)V+14
j  org.gradle.internal.operations.DelegatingBuildOperationExecutor.run(Lorg/gradle/internal/operations/RunnableBuildOperation;)V+5
j  org.gradle.configuration.BuildOperationScriptPlugin$1.execute(Lorg/gradle/configuration/internal/UserCodeApplicationId;)V+16
j  org.gradle.configuration.BuildOperationScriptPlugin$1.execute(Ljava/lang/Object;)V+5
j  org.gradle.configuration.internal.DefaultUserCodeApplicationContext.apply(Lorg/gradle/api/Action;)V+19
j  org.gradle.configuration.BuildOperationScriptPlugin.apply(Ljava/lang/Object;)V+54
j  org.gradle.configuration.project.BuildScriptProcessor.execute(Lorg/gradle/api/internal/project/ProjectInternal;)V+74
j  org.gradle.configuration.project.BuildScriptProcessor.execute(Ljava/lang/Object;)V+5
j  org.gradle.configuration.project.ConfigureActionsProjectEvaluator.evaluate(Lorg/gradle/api/internal/project/ProjectInternal;Lorg/gradle/api/internal/project/ProjectStateInternal;)V+33
j  org.gradle.configuration.project.LifecycleProjectEvaluator$EvaluateProject.run(Lorg/gradle/internal/operations/BuildOperationContext;)V+67
j  org.gradle.internal.operations.DefaultBuildOperationExecutor$RunnableBuildOperationWorker.execute(Lorg/gradle/internal/operations/RunnableBuildOperation;Lorg/gradle/internal/operations/BuildOperationContext;)V+2
j  org.gradle.internal.operations.DefaultBuildOperationExecutor$RunnableBuildOperationWorker.execute(Lorg/gradle/internal/operations/BuildOperation;Lorg/gradle/internal/operations/BuildOperationContext;)V+6
j  org.gradle.internal.operations.DefaultBuildOperationExecutor.execute(Lorg/gradle/internal/operations/BuildOperation;Lorg/gradle/internal/operations/BuildOperationWorker;Lorg/gradle/internal/operations/DefaultBuildOperationExecutor$BuildOperationState;)V+148
j  org.gradle.internal.operations.DefaultBuildOperationExecutor.run(Lorg/gradle/internal/operations/RunnableBuildOperation;)V+14
j  org.gradle.internal.operations.DelegatingBuildOperationExecutor.run(Lorg/gradle/internal/operations/RunnableBuildOperation;)V+5
j  org.gradle.configuration.project.LifecycleProjectEvaluator.evaluate(Lorg/gradle/api/internal/project/ProjectInternal;Lorg/gradle/api/internal/project/ProjectStateInternal;)V+22
j  org.gradle.api.internal.project.DefaultProject.evaluate()Lorg/gradle/api/internal/project/DefaultProject;+9
j  org.gradle.api.internal.project.DefaultProject.evaluate()Lorg/gradle/api/Project;+1
j  org.gradle.execution.TaskPathProjectEvaluator.configure(Lorg/gradle/api/internal/project/ProjectInternal;)V+21
j  org.gradle.execution.TaskPathProjectEvaluator.configureHierarchy(Lorg/gradle/api/internal/project/ProjectInternal;)V+2
j  org.gradle.configuration.DefaultBuildConfigurer.configure(Lorg/gradle/api/internal/GradleInternal;)V+63
j  org.gradle.initialization.DefaultGradleLauncher$ConfigureBuild.run(Lorg/gradle/internal/operations/BuildOperationContext;)V+40
j  org.gradle.internal.operations.DefaultBuildOperationExecutor$RunnableBuildOperationWorker.execute(Lorg/gradle/internal/operations/RunnableBuildOperation;Lorg/gradle/internal/operations/BuildOperationContext;)V+2
j  org.gradle.internal.operations.DefaultBuildOperationExecutor$RunnableBuildOperationWorker.execute(Lorg/gradle/internal/operations/BuildOperation;Lorg/gradle/internal/operations/BuildOperationContext;)V+6
j  org.gradle.internal.operations.DefaultBuildOperationExecutor.execute(Lorg/gradle/internal/operations/BuildOperation;Lorg/gradle/internal/operations/BuildOperationWorker;Lorg/gradle/internal/operations/DefaultBuildOperationExecutor$BuildOperationState;)V+148
j  org.gradle.internal.operations.DefaultBuildOperationExecutor.run(Lorg/gradle/internal/operations/RunnableBuildOperation;)V+14
j  org.gradle.internal.operations.DelegatingBuildOperationExecutor.run(Lorg/gradle/internal/operations/RunnableBuildOperation;)V+5
j  org.gradle.initialization.DefaultGradleLauncher.configureBuild()V+23
j  org.gradle.initialization.DefaultGradleLauncher.doBuildStages(Lorg/gradle/initialization/DefaultGradleLauncher$Stage;)V+13
j  org.gradle.initialization.DefaultGradleLauncher.executeTasks()Lorg/gradle/api/internal/GradleInternal;+4
j  org.gradle.internal.invocation.GradleBuildController$1.call()Lorg/gradle/api/internal/GradleInternal;+7
j  org.gradle.internal.invocation.GradleBuildController$1.call()Ljava/lang/Object;+1
j  org.gradle.internal.work.DefaultWorkerLeaseService.withLocks(Ljava/lang/Iterable;Ljava/util/concurrent/Callable;)Ljava/lang/Object;+15
j  org.gradle.internal.work.StopShieldingWorkerLeaseService.withLocks(Ljava/lang/Iterable;Ljava/util/concurrent/Callable;)Ljava/lang/Object;+6
j  org.gradle.internal.invocation.GradleBuildController.doBuild(Ljava/util/concurrent/Callable;)Lorg/gradle/api/internal/GradleInternal;+17
j  org.gradle.internal.invocation.GradleBuildController.run()Lorg/gradle/api/internal/GradleInternal;+9
j  org.gradle.tooling.internal.provider.ExecuteBuildActionRunner.run(Lorg/gradle/internal/invocation/BuildAction;Lorg/gradle/internal/invocation/BuildController;)V+8
j  org.gradle.launcher.exec.ChainingBuildActionRunner.run(Lorg/gradle/internal/invocation/BuildAction;Lorg/gradle/internal/invocation/BuildController;)V+34
j  org.gradle.tooling.internal.provider.ValidatingBuildActionRunner.run(Lorg/gradle/internal/invocation/BuildAction;Lorg/gradle/internal/invocation/BuildController;)V+6
j  org.gradle.launcher.exec.RunAsBuildOperationBuildActionRunner$3.run(Lorg/gradle/internal/operations/BuildOperationContext;)V+69
j  org.gradle.internal.operations.DefaultBuildOperationExecutor$RunnableBuildOperationWorker.execute(Lorg/gradle/internal/operations/RunnableBuildOperation;Lorg/gradle/internal/operations/BuildOperationContext;)V+2
j  org.gradle.internal.operations.DefaultBuildOperationExecutor$RunnableBuildOperationWorker.execute(Lorg/gradle/internal/operations/BuildOperation;Lorg/gradle/internal/operations/BuildOperationContext;)V+6
j  org.gradle.internal.operations.DefaultBuildOperationExecutor.execute(Lorg/gradle/internal/operations/BuildOperation;Lorg/gradle/internal/operations/BuildOperationWorker;Lorg/gradle/internal/operations/DefaultBuildOperationExecutor$BuildOperationState;)V+148
j  org.gradle.internal.operations.DefaultBuildOperationExecutor.run(Lorg/gradle/internal/operations/RunnableBuildOperation;)V+14
j  org.gradle.internal.operations.DelegatingBuildOperationExecutor.run(Lorg/gradle/internal/operations/RunnableBuildOperation;)V+5
j  org.gradle.launcher.exec.RunAsBuildOperationBuildActionRunner.run(Lorg/gradle/internal/invocation/BuildAction;Lorg/gradle/internal/invocation/BuildController;)V+34
j  org.gradle.tooling.internal.provider.SubscribableBuildActionRunner.run(Lorg/gradle/internal/invocation/BuildAction;Lorg/gradle/internal/invocation/BuildController;)V+40
j  org.gradle.launcher.exec.InProcessBuildActionExecuter$1.transform(Lorg/gradle/internal/invocation/BuildController;)Ljava/lang/Object;+12
j  org.gradle.launcher.exec.InProcessBuildActionExecuter$1.transform(Ljava/lang/Object;)Ljava/lang/Object;+5
j  org.gradle.composite.internal.DefaultRootBuildState.run(Lorg/gradle/api/Transformer;)Ljava/lang/Object;+36
j  org.gradle.launcher.exec.InProcessBuildActionExecuter.execute(Lorg/gradle/internal/invocation/BuildAction;Lorg/gradle/initialization/BuildRequestContext;Lorg/gradle/launcher/exec/BuildActionParameters;Lorg/gradle/internal/service/ServiceRegistry;)Ljava/lang/Object;+68
j  org.gradle.launcher.exec.InProcessBuildActionExecuter.execute(Lorg/gradle/internal/invocation/BuildAction;Lorg/gradle/initialization/BuildRequestContext;Ljava/lang/Object;Lorg/gradle/internal/service/ServiceRegistry;)Ljava/lang/Object;+9
j  org.gradle.launcher.exec.BuildTreeScopeBuildActionExecuter.execute(Lorg/gradle/internal/invocation/BuildAction;Lorg/gradle/initialization/BuildRequestContext;Lorg/gradle/launcher/exec/BuildActionParameters;Lorg/gradle/internal/service/ServiceRegistry;)Ljava/lang/Object;+38
j  org.gradle.launcher.exec.BuildTreeScopeBuildActionExecuter.execute(Lorg/gradle/internal/invocation/BuildAction;Lorg/gradle/initialization/BuildRequestContext;Ljava/lang/Object;Lorg/gradle/internal/service/ServiceRegistry;)Ljava/lang/Object;+9
j  org.gradle.tooling.internal.provider.ContinuousBuildActionExecuter.execute(Lorg/gradle/internal/invocation/BuildAction;Lorg/gradle/initialization/BuildRequestContext;Lorg/gradle/launcher/exec/BuildActionParameters;Lorg/gradle/internal/service/ServiceRegistry;)Ljava/lang/Object;+63
j  org.gradle.tooling.internal.provider.ContinuousBuildActionExecuter.execute(Lorg/gradle/internal/invocation/BuildAction;Lorg/gradle/initialization/BuildRequestContext;Ljava/lang/Object;Lorg/gradle/internal/service/ServiceRegistry;)Ljava/lang/Object;+9
j  org.gradle.tooling.internal.provider.ServicesSetupBuildActionExecuter.execute(Lorg/gradle/internal/invocation/BuildAction;Lorg/gradle/initialization/BuildRequestContext;Lorg/gradle/launcher/exec/BuildActionParameters;Lorg/gradle/internal/service/ServiceRegistry;)Ljava/lang/Object;+107
j  org.gradle.tooling.internal.provider.ServicesSetupBuildActionExecuter.execute(Lorg/gradle/internal/invocation/BuildAction;Lorg/gradle/initialization/BuildRequestContext;Ljava/lang/Object;Lorg/gradle/internal/service/ServiceRegistry;)Ljava/lang/Object;+9
j  org.gradle.tooling.internal.provider.GradleThreadBuildActionExecuter.execute(Lorg/gradle/internal/invocation/BuildAction;Lorg/gradle/initialization/BuildRequestContext;Lorg/gradle/launcher/exec/BuildActionParameters;Lorg/gradle/internal/service/ServiceRegistry;)Ljava/lang/Object;+12
j  org.gradle.tooling.internal.provider.GradleThreadBuildActionExecuter.execute(Lorg/gradle/internal/invocation/BuildAction;Lorg/gradle/initialization/BuildRequestContext;Ljava/lang/Object;Lorg/gradle/internal/service/ServiceRegistry;)Ljava/lang/Object;+9
j  org.gradle.tooling.internal.provider.ParallelismConfigurationBuildActionExecuter.execute(Lorg/gradle/internal/invocation/BuildAction;Lorg/gradle/initialization/BuildRequestContext;Lorg/gradle/launcher/exec/BuildActionParameters;Lorg/gradle/internal/service/ServiceRegistry;)Ljava/lang/Object;+43
j  org.gradle.tooling.internal.provider.ParallelismConfigurationBuildActionExecuter.execute(Lorg/gradle/internal/invocation/BuildAction;Lorg/gradle/initialization/BuildRequestContext;Ljava/lang/Object;Lorg/gradle/internal/service/ServiceRegistry;)Ljava/lang/Object;+9
j  org.gradle.tooling.internal.provider.StartParamsValidatingActionExecuter.execute(Lorg/gradle/internal/invocation/BuildAction;Lorg/gradle/initialization/BuildRequestContext;Lorg/gradle/launcher/exec/BuildActionParameters;Lorg/gradle/internal/service/ServiceRegistry;)Ljava/lang/Object;+177
j  org.gradle.tooling.internal.provider.StartParamsValidatingActionExecuter.execute(Lorg/gradle/internal/invocation/BuildAction;Lorg/gradle/initialization/BuildRequestContext;Ljava/lang/Object;Lorg/gradle/internal/service/ServiceRegistry;)Ljava/lang/Object;+9
j  org.gradle.tooling.internal.provider.SessionFailureReportingActionExecuter.execute(Lorg/gradle/internal/invocation/BuildAction;Lorg/gradle/initialization/BuildRequestContext;Lorg/gradle/launcher/exec/BuildActionParameters;Lorg/gradle/internal/service/ServiceRegistry;)Ljava/lang/Object;+9
j  org.gradle.tooling.internal.provider.SessionFailureReportingActionExecuter.execute(Lorg/gradle/internal/invocation/BuildAction;Lorg/gradle/initialization/BuildRequestContext;Ljava/lang/Object;Lorg/gradle/internal/service/ServiceRegistry;)Ljava/lang/Object;+9
j  org.gradle.tooling.internal.provider.SetupLoggingActionExecuter.execute(Lorg/gradle/internal/invocation/BuildAction;Lorg/gradle/initialization/BuildRequestContext;Lorg/gradle/launcher/exec/BuildActionParameters;Lorg/gradle/internal/service/ServiceRegistry;)Ljava/lang/Object;+52
j  org.gradle.tooling.internal.provider.SetupLoggingActionExecuter.execute(Lorg/gradle/internal/invocation/BuildAction;Lorg/gradle/initialization/BuildRequestContext;Ljava/lang/Object;Lorg/gradle/internal/service/ServiceRegistry;)Ljava/lang/Object;+9
j  org.gradle.launcher.daemon.server.exec.ExecuteBuild.doBuild(Lorg/gradle/launcher/daemon/server/api/DaemonCommandExecution;Lorg/gradle/launcher/daemon/protocol/Build;)V+114
j  org.gradle.launcher.daemon.server.exec.BuildCommandOnly.execute(Lorg/gradle/launcher/daemon/server/api/DaemonCommandExecution;)V+49
j  org.gradle.launcher.daemon.server.api.DaemonCommandExecution.proceed()Z+28
j  org.gradle.launcher.daemon.server.exec.WatchForDisconnection.execute(Lorg/gradle/launcher/daemon/server/api/DaemonCommandExecution;)V+19
j  org.gradle.launcher.daemon.server.api.DaemonCommandExecution.proceed()Z+28
j  org.gradle.launcher.daemon.server.exec.ResetDeprecationLogger.execute(Lorg/gradle/launcher/daemon/server/api/DaemonCommandExecution;)V+4
j  org.gradle.launcher.daemon.server.api.DaemonCommandExecution.proceed()Z+28
j  org.gradle.launcher.daemon.server.exec.RequestStopIfSingleUsedDaemon.execute(Lorg/gradle/launcher/daemon/server/api/DaemonCommandExecution;)V+33
j  org.gradle.launcher.daemon.server.api.DaemonCommandExecution.proceed()Z+28
j  org.gradle.launcher.daemon.server.exec.ForwardClientInput$2.call()Ljava/lang/Void;+4
j  org.gradle.launcher.daemon.server.exec.ForwardClientInput$2.call()Ljava/lang/Object;+1
j  org.gradle.util.Swapper.swap(Ljava/lang/Object;Ljava/util/concurrent/Callable;)Ljava/lang/Object;+21
j  org.gradle.launcher.daemon.server.exec.ForwardClientInput.execute(Lorg/gradle/launcher/daemon/server/api/DaemonCommandExecution;)V+63
j  org.gradle.launcher.daemon.server.api.DaemonCommandExecution.proceed()Z+28
j  org.gradle.launcher.daemon.server.exec.LogAndCheckHealth.execute(Lorg/gradle/launcher/daemon/server/api/DaemonCommandExecution;)V+28
j  org.gradle.launcher.daemon.server.api.DaemonCommandExecution.proceed()Z+28
j  org.gradle.launcher.daemon.server.exec.LogToClient.doBuild(Lorg/gradle/launcher/daemon/server/api/DaemonCommandExecution;Lorg/gradle/launcher/daemon/protocol/Build;)V+87
j  org.gradle.launcher.daemon.server.exec.BuildCommandOnly.execute(Lorg/gradle/launcher/daemon/server/api/DaemonCommandExecution;)V+49
j  org.gradle.launcher.daemon.server.api.DaemonCommandExecution.proceed()Z+28
j  org.gradle.launcher.daemon.server.exec.EstablishBuildEnvironment.doBuild(Lorg/gradle/launcher/daemon/server/api/DaemonCommandExecution;Lorg/gradle/launcher/daemon/protocol/Build;)V+365
j  org.gradle.launcher.daemon.server.exec.BuildCommandOnly.execute(Lorg/gradle/launcher/daemon/server/api/DaemonCommandExecution;)V+49
j  org.gradle.launcher.daemon.server.api.DaemonCommandExecution.proceed()Z+28
j  org.gradle.launcher.daemon.server.exec.StartBuildOrRespondWithBusy$1.run()V+44
j  org.gradle.launcher.daemon.server.DaemonStateCoordinator$1.run()V+4
j  org.gradle.internal.concurrent.ExecutorPolicy$CatchAndRecordFailures.onExecute(Ljava/lang/Runnable;)V+1
j  org.gradle.internal.concurrent.ManagedExecutorImpl$1.run()V+25
j  java.util.concurrent.ThreadPoolExecutor.runWorker(Ljava/util/concurrent/ThreadPoolExecutor$Worker;)V+95
j  java.util.concurrent.ThreadPoolExecutor$Worker.run()V+5
j  org.gradle.internal.concurrent.ThreadFactoryImpl$ManagedThreadRunnable.run()V+7
j  java.lang.Thread.run()V+11
v  ~StubRoutines::call_stub

---------------  P R O C E S S  ---------------

Java Threads: ( => current thread )
  0x0000000019356800 JavaThread "Build operations Thread 2" [_thread_blocked, id=10104, stack(0x000000001df30000,0x000000001e030000)]
  0x0000000019359000 JavaThread "Build operations" [_thread_blocked, id=1536, stack(0x000000001de30000,0x000000001df30000)]
  0x000000001935c000 JavaThread "Cache worker for Artifact transforms cache (C:\Users\Desenvolvimento\.gradle\caches\transforms-1)" [_thread_blocked, id=1712, stack(0x000000001db30000,0x000000001dc30000)]
  0x0000000019358000 JavaThread "Cache worker for cache directory md-rule (C:\Users\Desenvolvimento\.gradle\caches\4.10.2\md-rule)" [_thread_blocked, id=8932, stack(0x000000001da30000,0x000000001db30000)]
  0x0000000019356000 JavaThread "Cache worker for cache directory md-supplier (C:\Users\Desenvolvimento\.gradle\caches\4.10.2\md-supplier)" [_thread_blocked, id=6780, stack(0x000000001cec0000,0x000000001cfc0000)]
  0x0000000019359800 JavaThread "Cache worker for journal cache (C:\Users\Desenvolvimento\.gradle\caches\journal-1)" [_thread_blocked, id=7680, stack(0x000000001bdf0000,0x000000001bef0000)]
  0x000000001ad8a000 JavaThread "Cache worker for file hash cache (C:\src\Projetos\JV\jv\android\.gradle\4.10.2\fileHashes)" [_thread_blocked, id=10032, stack(0x000000001bcf0000,0x000000001bdf0000)]
  0x000000001aaa6000 JavaThread "File lock request listener" [_thread_in_native, id=9032, stack(0x000000001bbf0000,0x000000001bcf0000)]
  0x000000001987e800 JavaThread "Cache worker for file hash cache (C:\Users\Desenvolvimento\.gradle\caches\4.10.2\fileHashes)" [_thread_blocked, id=3460, stack(0x000000001b8f0000,0x000000001b9f0000)]
  0x0000000019076000 JavaThread "Stdin handler" [_thread_blocked, id=6632, stack(0x000000001a620000,0x000000001a720000)]
  0x0000000019072800 JavaThread "Asynchronous log dispatcher for DefaultDaemonConnection: socket connection from /127.0.0.1:60134 to /127.0.0.1:60135" [_thread_blocked, id=492, stack(0x000000001a520000,0x000000001a620000)]
=>0x0000000018ed0800 JavaThread "Daemon worker" [_thread_in_vm, id=9152, stack(0x000000001a420000,0x000000001a520000)]
  0x0000000018ecf800 JavaThread "Cancel handler" [_thread_blocked, id=7956, stack(0x000000001a320000,0x000000001a420000)]
  0x000000001929f800 JavaThread "Handler for socket connection from /127.0.0.1:60134 to /127.0.0.1:60135" [_thread_in_native, id=8360, stack(0x000000001a220000,0x000000001a320000)]
  0x00000000188a9000 JavaThread "Daemon" [_thread_blocked, id=5240, stack(0x000000001a120000,0x000000001a220000)]
  0x000000001929d000 JavaThread "Daemon periodic checks" [_thread_blocked, id=4480, stack(0x000000001a020000,0x000000001a120000)]
  0x000000001927a000 JavaThread "Incoming local TCP Connector on port 60134" [_thread_in_native, id=5812, stack(0x0000000019dc0000,0x0000000019ec0000)]
  0x00000000168d0000 JavaThread "Service Thread" daemon [_thread_blocked, id=8348, stack(0x0000000017ab0000,0x0000000017bb0000)]
  0x000000001685d800 JavaThread "C1 CompilerThread1" daemon [_thread_blocked, id=10008, stack(0x00000000179b0000,0x0000000017ab0000)]
  0x0000000016859000 JavaThread "C2 CompilerThread0" daemon [_thread_blocked, id=5004, stack(0x00000000178b0000,0x00000000179b0000)]
  0x0000000016857800 JavaThread "Attach Listener" daemon [_thread_blocked, id=7672, stack(0x00000000177b0000,0x00000000178b0000)]
  0x0000000016854000 JavaThread "Signal Dispatcher" daemon [_thread_blocked, id=252, stack(0x00000000176b0000,0x00000000177b0000)]
  0x0000000003128000 JavaThread "Finalizer" daemon [_thread_blocked, id=9228, stack(0x00000000174a0000,0x00000000175a0000)]
  0x0000000016847000 JavaThread "Reference Handler" daemon [_thread_blocked, id=9488, stack(0x00000000173a0000,0x00000000174a0000)]
  0x0000000003032800 JavaThread "main" [_thread_blocked, id=4676, stack(0x0000000002eb0000,0x0000000002fb0000)]

Other Threads:
  0x0000000003118000 VMThread [stack: 0x00000000172a0000,0x00000000173a0000] [id=9308]
  0x00000000168e9000 WatcherThread [stack: 0x0000000017bb0000,0x0000000017cb0000] [id=9404]

VM state:not at safepoint (normal execution)

VM Mutex/Monitor currently owned by a thread: None

heap address: 0x00000000a0000000, size: 1536 MB, Compressed Oops mode: 32-bit
Narrow klass base: 0x0000000000000000, Narrow klass shift: 3
Compressed class space size: 1073741824 Address: 0x0000000100000000

Heap:
 PSYoungGen      total 186880K, used 120723K [0x00000000e0000000, 0x00000000ef080000, 0x0000000100000000)
  eden space 173568K, 61% used [0x00000000e0000000,0x00000000e68ea6f8,0x00000000ea980000)
  from space 13312K, 99% used [0x00000000ea980000,0x00000000eb67a890,0x00000000eb680000)
  to   space 17408K, 0% used [0x00000000edf80000,0x00000000edf80000,0x00000000ef080000)
 ParOldGen       total 59904K, used 21948K [0x00000000a0000000, 0x00000000a3a80000, 0x00000000e0000000)
  object space 59904K, 36% used [0x00000000a0000000,0x00000000a156f340,0x00000000a3a80000)
 Metaspace       used 49667K, capacity 50754K, committed 51032K, reserved 1093632K
  class space    used 6650K, capacity 6994K, committed 7040K, reserved 1048576K

Card table byte_map: [0x00000000124f0000,0x0000000012800000] byte_map_base: 0x0000000011ff0000

Marking Bits: (ParMarkBitMap*) 0x000000006a4c9f30
 Begin Bits: [0x0000000012c00000, 0x0000000014400000)
 End Bits:   [0x0000000014400000, 0x0000000015c00000)

Polling page: 0x0000000000fe0000

CodeCache: size=245760Kb used=16311Kb max_used=16322Kb free=229448Kb
 bounds [0x0000000003130000, 0x0000000004130000, 0x0000000012130000]
 total_blobs=5695 nmethods=4910 adapters=699
 compilation: enabled

Compilation events (10 events):
Event: 36.090 Thread 0x000000001685d800 5250       3       com.android.repository.impl.generated.v1.LocalPackage::getRevision (5 bytes)
Event: 36.091 Thread 0x000000001685d800 nmethod 5250 0x0000000004129bd0 code [0x0000000004129d20, 0x0000000004129e90]
Event: 36.091 Thread 0x000000001685d800 5245       1       com.android.repository.impl.generated.v1.RevisionType::getPreview (5 bytes)
Event: 36.091 Thread 0x000000001685d800 nmethod 5245 0x0000000004129f10 code [0x000000000412a060, 0x000000000412a170]
Event: 36.091 Thread 0x000000001685d800 5246       1       com.google.common.collect.ImmutableEntry::getValue (5 bytes)
Event: 36.091 Thread 0x000000001685d800 nmethod 5246 0x000000000412a1d0 code [0x000000000412a320, 0x000000000412a430]
Event: 36.091 Thread 0x000000001685d800 5248       1       com.google.common.collect.ComparisonChain$InactiveComparisonChain::result (5 bytes)
Event: 36.091 Thread 0x000000001685d800 nmethod 5248 0x000000000412a490 code [0x000000000412a5e0, 0x000000000412a6f0]
Event: 36.115 Thread 0x0000000016859000 5251   !   4       java.nio.file.Files$2::hasNext (23 bytes)
Event: 36.116 Thread 0x0000000016859000 nmethod 5251 0x000000000412d410 code [0x000000000412d560, 0x000000000412d628]

GC Heap History (10 events):
Event: 3.129 GC heap before
{Heap before GC invocations=7 (full 1):
 PSYoungGen      total 127488K, used 3769K [0x00000000e0000000, 0x00000000e8600000, 0x0000000100000000)
  eden space 118784K, 0% used [0x00000000e0000000,0x00000000e0000000,0x00000000e7400000)
  from space 8704K, 43% used [0x00000000e7d80000,0x00000000e812e790,0x00000000e8600000)
  to   space 9216K, 0% used [0x00000000e7400000,0x00000000e7400000,0x00000000e7d00000)
 ParOldGen       total 38400K, used 14299K [0x00000000a0000000, 0x00000000a2580000, 0x00000000e0000000)
  object space 38400K, 37% used [0x00000000a0000000,0x00000000a0df6c20,0x00000000a2580000)
 Metaspace       used 20762K, capacity 21114K, committed 21248K, reserved 1067008K
  class space    used 2894K, capacity 3039K, committed 3072K, reserved 1048576K
Event: 3.206 GC heap after
Heap after GC invocations=7 (full 1):
 PSYoungGen      total 127488K, used 0K [0x00000000e0000000, 0x00000000e8600000, 0x0000000100000000)
  eden space 118784K, 0% used [0x00000000e0000000,0x00000000e0000000,0x00000000e7400000)
  from space 8704K, 0% used [0x00000000e7d80000,0x00000000e7d80000,0x00000000e8600000)
  to   space 9216K, 0% used [0x00000000e7400000,0x00000000e7400000,0x00000000e7d00000)
 ParOldGen       total 45056K, used 14932K [0x00000000a0000000, 0x00000000a2c00000, 0x00000000e0000000)
  object space 45056K, 33% used [0x00000000a0000000,0x00000000a0e951a8,0x00000000a2c00000)
 Metaspace       used 20762K, capacity 21114K, committed 21248K, reserved 1067008K
  class space    used 2894K, capacity 3039K, committed 3072K, reserved 1048576K
}
Event: 5.306 GC heap before
{Heap before GC invocations=8 (full 1):
 PSYoungGen      total 127488K, used 118784K [0x00000000e0000000, 0x00000000e8600000, 0x0000000100000000)
  eden space 118784K, 100% used [0x00000000e0000000,0x00000000e7400000,0x00000000e7400000)
  from space 8704K, 0% used [0x00000000e7d80000,0x00000000e7d80000,0x00000000e8600000)
  to   space 9216K, 0% used [0x00000000e7400000,0x00000000e7400000,0x00000000e7d00000)
 ParOldGen       total 45056K, used 14932K [0x00000000a0000000, 0x00000000a2c00000, 0x00000000e0000000)
  object space 45056K, 33% used [0x00000000a0000000,0x00000000a0e951a8,0x00000000a2c00000)
 Metaspace       used 29080K, capacity 29492K, committed 29824K, reserved 1075200K
  class space    used 4030K, capacity 4185K, committed 4224K, reserved 1048576K
Event: 5.328 GC heap after
Heap after GC invocations=8 (full 1):
 PSYoungGen      total 128000K, used 9214K [0x00000000e0000000, 0x00000000ec200000, 0x0000000100000000)
  eden space 118784K, 0% used [0x00000000e0000000,0x00000000e0000000,0x00000000e7400000)
  from space 9216K, 99% used [0x00000000e7400000,0x00000000e7cff8c8,0x00000000e7d00000)
  to   space 11776K, 0% used [0x00000000eb680000,0x00000000eb680000,0x00000000ec200000)
 ParOldGen       total 45056K, used 17339K [0x00000000a0000000, 0x00000000a2c00000, 0x00000000e0000000)
  object space 45056K, 38% used [0x00000000a0000000,0x00000000a10eeff0,0x00000000a2c00000)
 Metaspace       used 29080K, capacity 29492K, committed 29824K, reserved 1075200K
  class space    used 4030K, capacity 4185K, committed 4224K, reserved 1048576K
}
Event: 6.644 GC heap before
{Heap before GC invocations=9 (full 1):
 PSYoungGen      total 128000K, used 63814K [0x00000000e0000000, 0x00000000ec200000, 0x0000000100000000)
  eden space 118784K, 45% used [0x00000000e0000000,0x00000000e3552208,0x00000000e7400000)
  from space 9216K, 99% used [0x00000000e7400000,0x00000000e7cff8c8,0x00000000e7d00000)
  to   space 11776K, 0% used [0x00000000eb680000,0x00000000eb680000,0x00000000ec200000)
 ParOldGen       total 45056K, used 17339K [0x00000000a0000000, 0x00000000a2c00000, 0x00000000e0000000)
  object space 45056K, 38% used [0x00000000a0000000,0x00000000a10eeff0,0x00000000a2c00000)
 Metaspace       used 34699K, capacity 35274K, committed 35416K, reserved 1079296K
  class space    used 4754K, capacity 4964K, committed 4992K, reserved 1048576K
Event: 6.675 GC heap after
Heap after GC invocations=9 (full 1):
 PSYoungGen      total 185344K, used 10740K [0x00000000e0000000, 0x00000000ec600000, 0x0000000100000000)
  eden space 173568K, 0% used [0x00000000e0000000,0x00000000e0000000,0x00000000ea980000)
  from space 11776K, 91% used [0x00000000eb680000,0x00000000ec0fd360,0x00000000ec200000)
  to   space 13312K, 0% used [0x00000000ea980000,0x00000000ea980000,0x00000000eb680000)
 ParOldGen       total 45056K, used 17339K [0x00000000a0000000, 0x00000000a2c00000, 0x00000000e0000000)
  object space 45056K, 38% used [0x00000000a0000000,0x00000000a10eeff0,0x00000000a2c00000)
 Metaspace       used 34699K, capacity 35274K, committed 35416K, reserved 1079296K
  class space    used 4754K, capacity 4964K, committed 4992K, reserved 1048576K
}
Event: 6.675 GC heap before
{Heap before GC invocations=10 (full 2):
 PSYoungGen      total 185344K, used 10740K [0x00000000e0000000, 0x00000000ec600000, 0x0000000100000000)
  eden space 173568K, 0% used [0x00000000e0000000,0x00000000e0000000,0x00000000ea980000)
  from space 11776K, 91% used [0x00000000eb680000,0x00000000ec0fd360,0x00000000ec200000)
  to   space 13312K, 0% used [0x00000000ea980000,0x00000000ea980000,0x00000000eb680000)
 ParOldGen       total 45056K, used 17339K [0x00000000a0000000, 0x00000000a2c00000, 0x00000000e0000000)
  object space 45056K, 38% used [0x00000000a0000000,0x00000000a10eeff0,0x00000000a2c00000)
 Metaspace       used 34699K, capacity 35274K, committed 35416K, reserved 1079296K
  class space    used 4754K, capacity 4964K, committed 4992K, reserved 1048576K
Event: 6.805 GC heap after
Heap after GC invocations=10 (full 2):
 PSYoungGen      total 185344K, used 0K [0x00000000e0000000, 0x00000000ec600000, 0x0000000100000000)
  eden space 173568K, 0% used [0x00000000e0000000,0x00000000e0000000,0x00000000ea980000)
  from space 11776K, 0% used [0x00000000eb680000,0x00000000eb680000,0x00000000ec200000)
  to   space 13312K, 0% used [0x00000000ea980000,0x00000000ea980000,0x00000000eb680000)
 ParOldGen       total 59904K, used 17344K [0x00000000a0000000, 0x00000000a3a80000, 0x00000000e0000000)
  object space 59904K, 28% used [0x00000000a0000000,0x00000000a10f03c8,0x00000000a3a80000)
 Metaspace       used 34699K, capacity 35274K, committed 35416K, reserved 1079296K
  class space    used 4754K, capacity 4964K, committed 4992K, reserved 1048576K
}
Event: 21.848 GC heap before
{Heap before GC invocations=11 (full 2):
 PSYoungGen      total 185344K, used 173568K [0x00000000e0000000, 0x00000000ec600000, 0x0000000100000000)
  eden space 173568K, 100% used [0x00000000e0000000,0x00000000ea980000,0x00000000ea980000)
  from space 11776K, 0% used [0x00000000eb680000,0x00000000eb680000,0x00000000ec200000)
  to   space 13312K, 0% used [0x00000000ea980000,0x00000000ea980000,0x00000000eb680000)
 ParOldGen       total 59904K, used 17344K [0x00000000a0000000, 0x00000000a3a80000, 0x00000000e0000000)
  object space 59904K, 28% used [0x00000000a0000000,0x00000000a10f03c8,0x00000000a3a80000)
 Metaspace       used 43749K, capacity 44812K, committed 45016K, reserved 1087488K
  class space    used 5932K, capacity 6285K, committed 6400K, reserved 1048576K
Event: 21.880 GC heap after
Heap after GC invocations=11 (full 2):
 PSYoungGen      total 186880K, used 13290K [0x00000000e0000000, 0x00000000ef080000, 0x0000000100000000)
  eden space 173568K, 0% used [0x00000000e0000000,0x00000000e0000000,0x00000000ea980000)
  from space 13312K, 99% used [0x00000000ea980000,0x00000000eb67a890,0x00000000eb680000)
  to   space 17408K, 0% used [0x00000000edf80000,0x00000000edf80000,0x00000000ef080000)
 ParOldGen       total 59904K, used 21948K [0x00000000a0000000, 0x00000000a3a80000, 0x00000000e0000000)
  object space 59904K, 36% used [0x00000000a0000000,0x00000000a156f340,0x00000000a3a80000)
 Metaspace       used 43749K, capacity 44812K, committed 45016K, reserved 1087488K
  class space    used 5932K, capacity 6285K, committed 6400K, reserved 1048576K
}

Deoptimization events (10 events):
Event: 24.920 Thread 0x0000000018ed0800 Uncommon trap: reason=unstable_if action=reinterpret pc=0x000000000339166c method=java.lang.String$CaseInsensitiveComparator.compare(Ljava/lang/String;Ljava/lang/String;)I @ 70
Event: 33.149 Thread 0x0000000018ed0800 Uncommon trap: reason=unstable_if action=reinterpret pc=0x0000000003be1b8c method=java.util.jar.JarFile.maybeInstantiateVerifier()V @ 4
Event: 34.556 Thread 0x0000000018ed0800 Uncommon trap: reason=unstable_if action=reinterpret pc=0x000000000366ceec method=java.io.DataInputStream.readUTF(Ljava/io/DataInput;)Ljava/lang/String; @ 31
Event: 35.097 Thread 0x0000000018ed0800 Uncommon trap: reason=unstable_if action=reinterpret pc=0x0000000003ec035c method=com.sun.org.apache.xerces.internal.impl.XMLEntityScanner.scanLiteral(ILcom/sun/org/apache/xerces/internal/xni/XMLString;Z)I @ 660
Event: 35.100 Thread 0x0000000018ed0800 Uncommon trap: reason=unstable_if action=reinterpret pc=0x0000000003ebd890 method=com.sun.org.apache.xerces.internal.util.SymbolTable.addSymbol([CII)Ljava/lang/String; @ 38
Event: 35.240 Thread 0x0000000018ed0800 Uncommon trap: reason=unstable_if action=reinterpret pc=0x00000000036ad214 method=java.util.WeakHashMap.remove(Ljava/lang/Object;)Ljava/lang/Object; @ 94
Event: 35.352 Thread 0x0000000018ed0800 Uncommon trap: reason=unstable_if action=reinterpret pc=0x00000000036e2668 method=java.util.regex.Pattern$BmpCharProperty.match(Ljava/util/regex/Matcher;ILjava/lang/CharSequence;)Z @ 34
Event: 35.445 Thread 0x0000000018ed0800 Uncommon trap: reason=unstable_if action=reinterpret pc=0x0000000003fbb630 method=com.sun.org.apache.xerces.internal.impl.XMLEntityScanner.skipSpaces()Z @ 303
Event: 35.489 Thread 0x0000000018ed0800 Uncommon trap: reason=unstable_if action=reinterpret pc=0x0000000003fb7f30 method=com.sun.org.apache.xerces.internal.impl.XMLEntityScanner.peekChar()I @ 14
Event: 35.514 Thread 0x0000000018ed0800 Uncommon trap: reason=unstable_if action=reinterpret pc=0x00000000035a929c method=com.sun.org.apache.xerces.internal.impl.XMLEntityScanner.scanContent(Lcom/sun/org/apache/xerces/internal/xni/XMLString;)I @ 526

Classes redefined (0 events):
No events

Internal exceptions (10 events):
Event: 36.126 Thread 0x0000000018ed0800 Exception <a 'sun/nio/fs/WindowsException'> (0x00000000e6672548) thrown at [D:\src\AOSP-openjdk-cygwin\jdk8u\hotspot\src\share\vm\prims\jni.cpp, line 710]
Event: 36.127 Thread 0x0000000018ed0800 Exception <a 'sun/nio/fs/WindowsException'> (0x00000000e6677098) thrown at [D:\src\AOSP-openjdk-cygwin\jdk8u\hotspot\src\share\vm\prims\jni.cpp, line 710]
Event: 36.127 Thread 0x0000000018ed0800 Exception <a 'sun/nio/fs/WindowsException'> (0x00000000e66786b0) thrown at [D:\src\AOSP-openjdk-cygwin\jdk8u\hotspot\src\share\vm\prims\jni.cpp, line 710]
Event: 36.127 Thread 0x0000000018ed0800 Exception <a 'sun/nio/fs/WindowsException'> (0x00000000e667bc50) thrown at [D:\src\AOSP-openjdk-cygwin\jdk8u\hotspot\src\share\vm\prims\jni.cpp, line 710]
Event: 36.127 Thread 0x0000000018ed0800 Exception <a 'sun/nio/fs/WindowsException'> (0x00000000e667d2a0) thrown at [D:\src\AOSP-openjdk-cygwin\jdk8u\hotspot\src\share\vm\prims\jni.cpp, line 710]
Event: 36.131 Thread 0x0000000018ed0800 Exception <a 'sun/nio/fs/WindowsException'> (0x00000000e6684f88) thrown at [D:\src\AOSP-openjdk-cygwin\jdk8u\hotspot\src\share\vm\prims\jni.cpp, line 710]
Event: 36.131 Thread 0x0000000018ed0800 Exception <a 'sun/nio/fs/WindowsException'> (0x00000000e6686500) thrown at [D:\src\AOSP-openjdk-cygwin\jdk8u\hotspot\src\share\vm\prims\jni.cpp, line 710]
Event: 36.131 Thread 0x0000000018ed0800 Exception <a 'sun/nio/fs/WindowsException'> (0x00000000e6689a00) thrown at [D:\src\AOSP-openjdk-cygwin\jdk8u\hotspot\src\share\vm\prims\jni.cpp, line 710]
Event: 36.131 Thread 0x0000000018ed0800 Exception <a 'sun/nio/fs/WindowsException'> (0x00000000e668afb0) thrown at [D:\src\AOSP-openjdk-cygwin\jdk8u\hotspot\src\share\vm\prims\jni.cpp, line 710]
Event: 36.132 Thread 0x0000000018ed0800 Exception <a 'sun/nio/fs/WindowsException'> (0x00000000e668f980) thrown at [D:\src\AOSP-openjdk-cygwin\jdk8u\hotspot\src\share\vm\prims\jni.cpp, line 710]

Events (10 events):
Event: 36.090 loading class java/util/concurrent/ConcurrentLinkedQueue$Itr
Event: 36.090 loading class java/util/concurrent/ConcurrentLinkedQueue$Itr done
Event: 36.091 loading class com/android/repository/impl/meta/RepositoryPackages
Event: 36.091 loading class com/android/repository/impl/meta/RepositoryPackages done
Event: 36.091 loading class com/android/repository/impl/meta/RepositoryPackages
Event: 36.091 loading class com/android/repository/impl/meta/RepositoryPackages done
Event: 36.091 loading class com/android/sdklib/repository/AndroidSdkHandler
Event: 36.091 loading class com/android/sdklib/repository/AndroidSdkHandler done
Event: 36.091 loading class com/android/repository/api/RepoManager$RepoLoadedCallback
Event: 36.091 loading class com/android/repository/api/RepoManager$RepoLoadedCallback done


Dynamic libraries:
0x00007ff686330000 - 0x00007ff686361000 	C:\src\Android Studio\jre\bin\java.exe
0x00007ffdfbb70000 - 0x00007ffdfbd5d000 	C:\Windows\SYSTEM32\ntdll.dll
0x00007ffdf9270000 - 0x00007ffdf9323000 	C:\Windows\System32\KERNEL32.DLL
0x00007ffdf8280000 - 0x00007ffdf8513000 	C:\Windows\System32\KERNELBASE.dll
0x00007ffdf99e0000 - 0x00007ffdf9a83000 	C:\Windows\System32\ADVAPI32.dll
0x00007ffdf9e20000 - 0x00007ffdf9ebe000 	C:\Windows\System32\msvcrt.dll
0x00007ffdfba20000 - 0x00007ffdfbabe000 	C:\Windows\System32\sechost.dll
0x00007ffdf98b0000 - 0x00007ffdf99d2000 	C:\Windows\System32\RPCRT4.dll
0x00007ffdf9fd0000 - 0x00007ffdfa167000 	C:\Windows\System32\USER32.dll
0x00007ffdf7ef0000 - 0x00007ffdf7f10000 	C:\Windows\System32\win32u.dll
0x00007ffdf9390000 - 0x00007ffdf93b9000 	C:\Windows\System32\GDI32.dll
0x00007ffdf80c0000 - 0x00007ffdf8259000 	C:\Windows\System32\gdi32full.dll
0x00007ffdf85a0000 - 0x00007ffdf8640000 	C:\Windows\System32\msvcp_win.dll
0x00007ffdf7f10000 - 0x00007ffdf800a000 	C:\Windows\System32\ucrtbase.dll
0x00007ffdefad0000 - 0x00007ffdefd49000 	C:\Windows\WinSxS\amd64_microsoft.windows.common-controls_6595b64144ccf1df_6.0.17763.864_none_05b3441807210760\COMCTL32.dll
0x00007ffdf9a90000 - 0x00007ffdf9dbc000 	C:\Windows\System32\combase.dll
0x00007ffdf8520000 - 0x00007ffdf859e000 	C:\Windows\System32\bcryptPrimitives.dll
0x00007ffdf8f50000 - 0x00007ffdf8f7e000 	C:\Windows\System32\IMM32.DLL
0x000000006a550000 - 0x000000006a622000 	C:\src\Android Studio\jre\jre\bin\msvcr100.dll
0x0000000069d00000 - 0x000000006a546000 	C:\src\Android Studio\jre\jre\bin\server\jvm.dll
0x00007ffdf93c0000 - 0x00007ffdf93c8000 	C:\Windows\System32\PSAPI.DLL
0x00007ffdf0ae0000 - 0x00007ffdf0ae9000 	C:\Windows\SYSTEM32\WSOCK32.dll
0x00007ffdf9050000 - 0x00007ffdf90bd000 	C:\Windows\System32\WS2_32.dll
0x00007ffdf5cf0000 - 0x00007ffdf5d14000 	C:\Windows\SYSTEM32\WINMM.dll
0x00007ffdf2df0000 - 0x00007ffdf2dfa000 	C:\Windows\SYSTEM32\VERSION.dll
0x00007ffdf5cc0000 - 0x00007ffdf5ced000 	C:\Windows\SYSTEM32\WINMMBASE.dll
0x00007ffdf8010000 - 0x00007ffdf805a000 	C:\Windows\System32\cfgmgr32.dll
0x00007ffdf5de0000 - 0x00007ffdf5def000 	C:\src\Android Studio\jre\jre\bin\verify.dll
0x00007ffdf0aa0000 - 0x00007ffdf0ac9000 	C:\src\Android Studio\jre\jre\bin\java.dll
0x00007ffdf0b10000 - 0x00007ffdf0b26000 	C:\src\Android Studio\jre\jre\bin\zip.dll
0x00007ffdfa2d0000 - 0x00007ffdfb7c4000 	C:\Windows\System32\SHELL32.dll
0x00007ffdf9f20000 - 0x00007ffdf9fc8000 	C:\Windows\System32\shcore.dll
0x00007ffdf8640000 - 0x00007ffdf8d8d000 	C:\Windows\System32\windows.storage.dll
0x00007ffdf7c00000 - 0x00007ffdf7c24000 	C:\Windows\System32\profapi.dll
0x00007ffdf7ba0000 - 0x00007ffdf7bfd000 	C:\Windows\System32\powrprof.dll
0x00007ffdf9ec0000 - 0x00007ffdf9f12000 	C:\Windows\System32\shlwapi.dll
0x00007ffdf7b60000 - 0x00007ffdf7b71000 	C:\Windows\System32\kernel.appcore.dll
0x00007ffdf8260000 - 0x00007ffdf8277000 	C:\Windows\System32\cryptsp.dll
0x00007ffdf0a80000 - 0x00007ffdf0a9a000 	C:\src\Android Studio\jre\jre\bin\net.dll
0x00007ffdf73d0000 - 0x00007ffdf7437000 	C:\Windows\system32\mswsock.dll
0x00007ffdf09f0000 - 0x00007ffdf0a01000 	C:\src\Android Studio\jre\jre\bin\nio.dll
0x00007ffdf0660000 - 0x00007ffdf067e000 	C:\Users\Desenvolvimento\.gradle\native\25\windows-amd64\native-platform.dll
0x00007ffdf5db0000 - 0x00007ffdf5dbd000 	C:\src\Android Studio\jre\jre\bin\management.dll
0x00007ffdf6f50000 - 0x00007ffdf6f83000 	C:\Windows\system32\rsaenh.dll
0x00007ffdf7c30000 - 0x00007ffdf7c56000 	C:\Windows\System32\bcrypt.dll
0x00007ffdf7a90000 - 0x00007ffdf7ab8000 	C:\Windows\SYSTEM32\USERENV.dll
0x00007ffdf75a0000 - 0x00007ffdf75ac000 	C:\Windows\SYSTEM32\CRYPTBASE.dll
0x00007ffdf70f0000 - 0x00007ffdf712d000 	C:\Windows\SYSTEM32\IPHLPAPI.DLL
0x00007ffdf8f40000 - 0x00007ffdf8f48000 	C:\Windows\System32\NSI.dll
0x00007ffdf1b50000 - 0x00007ffdf1b66000 	C:\Windows\SYSTEM32\dhcpcsvc6.DLL
0x00007ffdf1b30000 - 0x00007ffdf1b4c000 	C:\Windows\SYSTEM32\dhcpcsvc.DLL
0x00007ffdf7140000 - 0x00007ffdf7206000 	C:\Windows\SYSTEM32\DNSAPI.dll
0x00007ffdea0a0000 - 0x00007ffdea28d000 	C:\Windows\SYSTEM32\dbghelp.dll

VM Arguments:
jvm_args: -Xmx1536M -Dfile.encoding=windows-1252 -Duser.country=BR -Duser.language=pt -Duser.variant 
java_command: org.gradle.launcher.daemon.bootstrap.GradleDaemon 4.10.2
java_class_path (initial): C:\Users\Desenvolvimento\.gradle\wrapper\dists\gradle-4.10.2-all\9fahxiiecdb76a5g3aw9oi8rv\gradle-4.10.2\lib\gradle-launcher-4.10.2.jar
Launcher Type: SUN_STANDARD

Environment Variables:
JAVA_HOME=C:\src\Android Studio\jre
CLASSPATH=C:\src\Projetos\JV\jv\android\\gradle\wrapper\gradle-wrapper.jar
PATH=C:\Windows\system32;C:\Windows;C:\Windows\System32\Wbem;C:\Windows\System32\WindowsPowerShell\v1.0\;C:\Windows\System32\OpenSSH\;C:\src\flutter\bin;C:\Program Files (x86)\NVIDIA Corporation\PhysX\Common;C:\Program Files\NVIDIA Corporation\NVIDIA NvDLISR;C:\Program Files\Git\cmd;C:\src\Dart\dart-sdk\bin;C:\Users\Desenvolvimento\AppData\Local\Microsoft\WindowsApps;C:\src\Microsoft VS Code\bin;C:\src\flutter\bin;;C:\src\flutter\bin\mingit\cmd
USERNAME=Desenvolvimento
OS=Windows_NT
PROCESSOR_IDENTIFIER=AMD64 Family 16 Model 6 Stepping 3, AuthenticAMD



---------------  S Y S T E M  ---------------

OS: Windows 10.0 , 64 bit Build 17763 (10.0.17763.475)

CPU:total 2 (initial active 2) (2 cores per cpu, 1 threads per core) family 16 model 6 stepping 3, cmov, cx8, fxsr, mmx, sse, sse2, sse3, popcnt, mmxext, 3dnowpref, lzcnt, sse4a, tsc, tscinvbit, tscinv

Memory: 4k page, physical 3667508k(636344k free), swap 9178360k(3109304k free)

vm_info: OpenJDK 64-Bit Server VM (25.202-b03) for windows-amd64 JRE (1.8.0_202-release-1483-b03), built by "builder" with MS VC++ 10.0 (VS2010)

time: Thu Dec 12 17:04:44 2019
timezone: Hora oficial do Brasil
elapsed time: 36 seconds (0d 0h 0m 36s)

