#
# A fatal error has been detected by the Java Runtime Environment:
#
#  EXCEPTION_ILLEGAL_INSTRUCTION (0xc000001d) at pc=0x0000000069f691f8, pid=6284, tid=0x0000000000001d54
#
# JRE version: OpenJDK Runtime Environment (8.0_202-b03) (build 1.8.0_202-release-1483-b03)
# Java VM: OpenJDK 64-Bit Server VM (25.202-b03 mixed mode windows-amd64 compressed oops)
# Problematic frame:
# V  [jvm.dll+0x2691f8]
#
# Failed to write core dump. Minidumps are not enabled by default on client versions of Windows
#
# If you would like to submit a bug report, please visit:
#   http://bugreport.java.com/bugreport/crash.jsp
#

---------------  T H R E A D  ---------------

Current thread (0x000000001b11a800):  JavaThread "Daemon worker Thread 2" [_thread_in_vm, id=7508, stack(0x0000000026470000,0x0000000026570000)]

siginfo: ExceptionCode=0xc000001d

Registers:
RAX=0x0000000000000001, RBX=0x0000000026566e50, RCX=0x0000000000000000, RDX=0x0000005c1b296548
RSP=0x0000000026566d80, RBP=0x0000000026566e69, RSI=0x0000000000000001, RDI=0x0000000017aa2ff0
R8 =0x000000007ffe1000, R9 =0x000000001b11a883, R10=0x00000000546c6148, R11=0x0000021407cb1576
R12=0x000000001b11a800, R13=0x0000000000000000, R14=0x0000000017aa2ff0, R15=0x000000001b11a800
RIP=0x0000000069f691f8, EFLAGS=0x0000000000010202

Top of Stack: (sp=0x0000000026566d80)
0x0000000026566d80:   0000000026566e50 0000000000000030
0x0000000026566d90:   0000000000000000 0000000026566d28
0x0000000026566da0:   0000000000000040 0000000069f56375
0x0000000026566db0:   0000027022f47abe 0061007400610044
0x0000000026566dc0:   0000000026567430 0000000069d76f0f
0x0000000026566dd0:   0000000017aa2ff0 0000000069d592d0
0x0000000026566de0:   0000000026567450 0000000026567430
0x0000000026566df0:   0000000026566ef0 0000000069fa8bc1
0x0000000026566e00:   0000000026566ec0 0000000000000000
0x0000000026566e10:   00000000265683f0 0000000026567460
0x0000000026566e20:   00000000eaad2370 0000000000000000
0x0000000026566e30:   000000001b11a800 0000000069fa8e9b
0x0000000026566e40:   0000000026566ec0 0000000026567520
0x0000000026566e50:   0000000000000000 000000001b11a800
0x0000000026566e60:   00000000035d5899 000000006a1188a4
0x0000000026566e70:   00000000035d5899 0000000018e58e48 

Instructions: (pc=0x0000000069f691f8)
0x0000000069f691d8:   83 c4 20 5b c3 cc cc cc 48 83 ec 28 83 3d f5 d8
0x0000000069f691e8:   55 00 00 74 27 48 8d 4c 24 30 ff 15 c8 0e 34 00
0x0000000069f691f8:   48 63 44 24 34 8b 4c 24 30 48 c1 e0 20 48 0b c1
0x0000000069f69208:   48 2b 05 79 d8 55 00 48 83 c4 28 c3 48 8d 4c 24 


Register to memory mapping:

RAX=0x0000000000000001 is an unknown value
RBX=0x0000000026566e50 is pointing into the stack for thread: 0x000000001b11a800
RCX=0x0000000000000000 is an unknown value
RDX=0x0000005c1b296548 is an unknown value
RSP=0x0000000026566d80 is pointing into the stack for thread: 0x000000001b11a800
RBP=0x0000000026566e69 is pointing into the stack for thread: 0x000000001b11a800
RSI=0x0000000000000001 is an unknown value
RDI=0x0000000017aa2ff0 is an unknown value
R8 =0x000000007ffe1000 is an unknown value
R9 =0x000000001b11a883 is an unknown value
R10=0x00000000546c6148 is an unknown value
R11=0x0000021407cb1576 is an unknown value
R12=0x000000001b11a800 is a thread
R13=0x0000000000000000 is an unknown value
R14=0x0000000017aa2ff0 is an unknown value
R15=0x000000001b11a800 is a thread


Stack: [0x0000000026470000,0x0000000026570000],  sp=0x0000000026566d80,  free space=987k
Native frames: (J=compiled Java code, j=interpreted, Vv=VM code, C=native code)
V  [jvm.dll+0x2691f8]
V  [jvm.dll+0x256375]
V  [jvm.dll+0x592d0]
V  [jvm.dll+0x5ae86]
V  [jvm.dll+0x5aedd]
V  [jvm.dll+0x156ed4]
V  [jvm.dll+0x117e01]
C  [java.dll+0xe17c]
C  [nio.dll+0x4de3]
C  [nio.dll+0x5687]
C  0x000000000307389b

Java frames: (J=compiled Java code, j=interpreted, Vv=VM code)
J 4278  sun.nio.fs.WindowsNativeDispatcher.FindFirstFile0(JLsun/nio/fs/WindowsNativeDispatcher$FirstFile;)V (0 bytes) @ 0x0000000003073815 [0x00000000030737c0+0x55]
J 4302 C1 sun.nio.fs.WindowsNativeDispatcher.FindFirstFile(Ljava/lang/String;)Lsun/nio/fs/WindowsNativeDispatcher$FirstFile; (39 bytes) @ 0x00000000030549a4 [0x00000000030547a0+0x204]
J 5371 C1 sun.nio.fs.WindowsDirectoryStream.<init>(Lsun/nio/fs/WindowsPath;Ljava/nio/file/DirectoryStream$Filter;)V (175 bytes) @ 0x0000000003d5ec6c [0x0000000003d5ddc0+0xeac]
J 4311 C1 sun.nio.fs.WindowsFileSystemProvider.checkReadAccess(Lsun/nio/fs/WindowsPath;)V (48 bytes) @ 0x00000000035d593c [0x00000000035d55e0+0x35c]
J 4294 C1 sun.nio.fs.WindowsFileSystemProvider.checkAccess(Ljava/nio/file/Path;[Ljava/nio/file/AccessMode;)V (294 bytes) @ 0x00000000031c7834 [0x00000000031c6700+0x1134]
J 4310 C1 java.nio.file.Files.exists(Ljava/nio/file/Path;[Ljava/nio/file/LinkOption;)Z (44 bytes) @ 0x00000000035d648c [0x00000000035d6120+0x36c]
J 4306 C1 com.android.repository.impl.manager.LocalRepoLoaderImpl.collectPackages(Ljava/util/Collection;Ljava/io/File;I)V (129 bytes) @ 0x0000000003215bcc [0x00000000032155c0+0x60c]
J 4306 C1 com.android.repository.impl.manager.LocalRepoLoaderImpl.collectPackages(Ljava/util/Collection;Ljava/io/File;I)V (129 bytes) @ 0x0000000003216de4 [0x00000000032155c0+0x1824]
J 4306 C1 com.android.repository.impl.manager.LocalRepoLoaderImpl.collectPackages(Ljava/util/Collection;Ljava/io/File;I)V (129 bytes) @ 0x0000000003216de4 [0x00000000032155c0+0x1824]
J 4306 C1 com.android.repository.impl.manager.LocalRepoLoaderImpl.collectPackages(Ljava/util/Collection;Ljava/io/File;I)V (129 bytes) @ 0x0000000003216de4 [0x00000000032155c0+0x1824]
J 4306 C1 com.android.repository.impl.manager.LocalRepoLoaderImpl.collectPackages(Ljava/util/Collection;Ljava/io/File;I)V (129 bytes) @ 0x0000000003216de4 [0x00000000032155c0+0x1824]
J 4306 C1 com.android.repository.impl.manager.LocalRepoLoaderImpl.collectPackages(Ljava/util/Collection;Ljava/io/File;I)V (129 bytes) @ 0x0000000003216de4 [0x00000000032155c0+0x1824]
J 4306 C1 com.android.repository.impl.manager.LocalRepoLoaderImpl.collectPackages(Ljava/util/Collection;Ljava/io/File;I)V (129 bytes) @ 0x0000000003216de4 [0x00000000032155c0+0x1824]
J 4306 C1 com.android.repository.impl.manager.LocalRepoLoaderImpl.collectPackages(Ljava/util/Collection;Ljava/io/File;I)V (129 bytes) @ 0x0000000003216de4 [0x00000000032155c0+0x1824]
J 4306 C1 com.android.repository.impl.manager.LocalRepoLoaderImpl.collectPackages(Ljava/util/Collection;Ljava/io/File;I)V (129 bytes) @ 0x0000000003216de4 [0x00000000032155c0+0x1824]
J 4306 C1 com.android.repository.impl.manager.LocalRepoLoaderImpl.collectPackages(Ljava/util/Collection;Ljava/io/File;I)V (129 bytes) @ 0x0000000003216de4 [0x00000000032155c0+0x1824]
J 4306 C1 com.android.repository.impl.manager.LocalRepoLoaderImpl.collectPackages(Ljava/util/Collection;Ljava/io/File;I)V (129 bytes) @ 0x0000000003216de4 [0x00000000032155c0+0x1824]
j  com.android.repository.impl.manager.LocalRepoLoaderImpl.collectPackages()Ljava/util/Set;+18
j  com.android.repository.impl.manager.LocalRepoLoaderImpl.getLatestPackageUpdateTime()J+3
j  com.android.repository.impl.manager.LocalRepoLoaderImpl.updateKnownPackageHashFileIfNecessary()Z+13
j  com.android.repository.impl.manager.LocalRepoLoaderImpl.needsUpdate(JZ)Z+17
j  com.android.repository.impl.manager.RepoManagerImpl.reloadLocalIfNeeded(Lcom/android/repository/api/ProgressIndicator;)Z+22
j  com.android.builder.sdk.DefaultSdkLoader.init(Lcom/android/utils/ILogger;)V+36
j  com.android.builder.sdk.DefaultSdkLoader.getSdkInfo(Lcom/android/utils/ILogger;)Lcom/android/builder/sdk/SdkInfo;+2
j  com.android.build.gradle.internal.SdkHandler.initTarget(Ljava/lang/String;Lcom/android/repository/Revision;Ljava/util/Collection;Lcom/android/builder/core/AndroidBuilder;Z)Z+196
j  com.android.build.gradle.BasePlugin.ensureTargetSetup()Z+77
j  com.android.build.gradle.BasePlugin.createAndroidTasks()V+126
j  com.android.build.gradle.BasePlugin.lambda$null$4()V+1
j  com.android.build.gradle.BasePlugin$$Lambda$78.call()V+4
j  com.android.builder.profile.ThreadRecorder.record(Lcom/google/wireless/android/sdk/stats/GradleBuildProfileSpan$ExecutionType;Ljava/lang/String;Ljava/lang/String;Lcom/android/builder/profile/Recorder$VoidBlock;)V+17
j  com.android.build.gradle.BasePlugin.lambda$createTasks$5(Lorg/gradle/api/Project;)V+27
j  com.android.build.gradle.BasePlugin$$Lambda$77.execute(Ljava/lang/Object;)V+8
j  org.gradle.configuration.internal.DefaultListenerBuildOperationDecorator$BuildOperationEmittingAction$1$1.run()V+17
j  org.gradle.configuration.internal.DefaultUserCodeApplicationContext.reapply(Lorg/gradle/configuration/internal/UserCodeApplicationId;Ljava/lang/Runnable;)V+19
j  org.gradle.configuration.internal.DefaultListenerBuildOperationDecorator$BuildOperationEmittingAction$1.run(Lorg/gradle/internal/operations/BuildOperationContext;)V+25
J 6951 C1 org.gradle.internal.operations.DefaultBuildOperationExecutor$RunnableBuildOperationWorker.execute(Lorg/gradle/internal/operations/BuildOperation;Lorg/gradle/internal/operations/BuildOperationContext;)V (10 bytes) @ 0x0000000004101264 [0x0000000004101000+0x264]
J 5620 C1 org.gradle.internal.operations.DefaultBuildOperationExecutor.execute(Lorg/gradle/internal/operations/BuildOperation;Lorg/gradle/internal/operations/BuildOperationWorker;Lorg/gradle/internal/operations/DefaultBuildOperationExecutor$BuildOperationState;)V (336 bytes) @ 0x0000000003e3b67c [0x0000000003e39a80+0x1bfc]
J 8822 C1 org.gradle.internal.operations.DefaultBuildOperationExecutor.run(Lorg/gradle/internal/operations/RunnableBuildOperation;)V (32 bytes) @ 0x0000000004491d64 [0x00000000044918a0+0x4c4]
j  org.gradle.configuration.internal.DefaultListenerBuildOperationDecorator$BuildOperationEmittingAction.execute(Ljava/lang/Object;)V+24
j  org.gradle.internal.event.BroadcastDispatch$ActionInvocationHandler.dispatch(Lorg/gradle/internal/dispatch/MethodInvocation;)V+27
j  org.gradle.internal.event.BroadcastDispatch$ActionInvocationHandler.dispatch(Ljava/lang/Object;)V+5
J 14500 C2 org.gradle.internal.event.BroadcastDispatch$SingletonDispatch.dispatch(Ljava/lang/Object;)V (9 bytes) @ 0x0000000004ab650c [0x0000000004ab63e0+0x12c]
J 6844 C1 org.gradle.internal.event.AbstractBroadcastDispatch.dispatch(Lorg/gradle/internal/dispatch/MethodInvocation;Ljava/util/Iterator;)V (191 bytes) @ 0x0000000002f51ee4 [0x0000000002f51b20+0x3c4]
J 7099 C1 org.gradle.internal.event.BroadcastDispatch$CompositeDispatch.dispatch(Ljava/lang/Object;)V (9 bytes) @ 0x0000000004174614 [0x0000000004174320+0x2f4]
J 7038 C1 org.gradle.internal.event.ListenerBroadcast.dispatch(Ljava/lang/Object;)V (9 bytes) @ 0x000000000414b53c [0x000000000414b300+0x23c]
J 6988 C1 org.gradle.internal.dispatch.ProxyDispatchAdapter$DispatchingInvocationHandler.invoke(Ljava/lang/Object;Ljava/lang/reflect/Method;[Ljava/lang/Object;)Ljava/lang/Object; (185 bytes) @ 0x000000000412e274 [0x000000000412cec0+0x13b4]
j  com.sun.proxy.$Proxy28.afterEvaluate(Lorg/gradle/api/Project;Lorg/gradle/api/ProjectState;)V+20
j  org.gradle.configuration.project.LifecycleProjectEvaluator$NotifyAfterEvaluate$1.execute(Lorg/gradle/api/ProjectEvaluationListener;)V+15
j  org.gradle.configuration.project.LifecycleProjectEvaluator$NotifyAfterEvaluate$1.execute(Ljava/lang/Object;)V+5
j  org.gradle.api.internal.project.DefaultProject.stepEvaluationListener(Lorg/gradle/api/ProjectEvaluationListener;Lorg/gradle/api/Action;)Lorg/gradle/api/ProjectEvaluationListener;+19
j  org.gradle.configuration.project.LifecycleProjectEvaluator$NotifyAfterEvaluate.run(Lorg/gradle/internal/operations/BuildOperationContext;)V+25
J 6951 C1 org.gradle.internal.operations.DefaultBuildOperationExecutor$RunnableBuildOperationWorker.execute(Lorg/gradle/internal/operations/BuildOperation;Lorg/gradle/internal/operations/BuildOperationContext;)V (10 bytes) @ 0x0000000004101264 [0x0000000004101000+0x264]
J 5620 C1 org.gradle.internal.operations.DefaultBuildOperationExecutor.execute(Lorg/gradle/internal/operations/BuildOperation;Lorg/gradle/internal/operations/BuildOperationWorker;Lorg/gradle/internal/operations/DefaultBuildOperationExecutor$BuildOperationState;)V (336 bytes) @ 0x0000000003e3b67c [0x0000000003e39a80+0x1bfc]
J 8822 C1 org.gradle.internal.operations.DefaultBuildOperationExecutor.run(Lorg/gradle/internal/operations/RunnableBuildOperation;)V (32 bytes) @ 0x0000000004491d64 [0x00000000044918a0+0x4c4]
J 8840 C1 org.gradle.internal.operations.DelegatingBuildOperationExecutor.run(Lorg/gradle/internal/operations/RunnableBuildOperation;)V (11 bytes) @ 0x00000000044b6ec4 [0x00000000044b6dc0+0x104]
j  org.gradle.configuration.project.LifecycleProjectEvaluator$EvaluateProject.run(Lorg/gradle/internal/operations/BuildOperationContext;)V+102
J 6951 C1 org.gradle.internal.operations.DefaultBuildOperationExecutor$RunnableBuildOperationWorker.execute(Lorg/gradle/internal/operations/BuildOperation;Lorg/gradle/internal/operations/BuildOperationContext;)V (10 bytes) @ 0x0000000004101264 [0x0000000004101000+0x264]
J 5620 C1 org.gradle.internal.operations.DefaultBuildOperationExecutor.execute(Lorg/gradle/internal/operations/BuildOperation;Lorg/gradle/internal/operations/BuildOperationWorker;Lorg/gradle/internal/operations/DefaultBuildOperationExecutor$BuildOperationState;)V (336 bytes) @ 0x0000000003e3b67c [0x0000000003e39a80+0x1bfc]
J 8822 C1 org.gradle.internal.operations.DefaultBuildOperationExecutor.run(Lorg/gradle/internal/operations/RunnableBuildOperation;)V (32 bytes) @ 0x0000000004491d64 [0x00000000044918a0+0x4c4]
J 8840 C1 org.gradle.internal.operations.DelegatingBuildOperationExecutor.run(Lorg/gradle/internal/operations/RunnableBuildOperation;)V (11 bytes) @ 0x00000000044b6ec4 [0x00000000044b6dc0+0x104]
j  org.gradle.configuration.project.LifecycleProjectEvaluator.evaluate(Lorg/gradle/api/internal/project/ProjectInternal;Lorg/gradle/api/internal/project/ProjectStateInternal;)V+22
j  org.gradle.api.internal.project.DefaultProject.evaluate()Lorg/gradle/api/internal/project/DefaultProject;+9
j  org.gradle.api.internal.project.DefaultProject.evaluationDependsOn(Lorg/gradle/api/internal/project/DefaultProject;)Lorg/gradle/api/Project;+32
j  org.gradle.api.internal.project.DefaultProject.evaluationDependsOn(Ljava/lang/String;)Lorg/gradle/api/Project;+28
j  org.gradle.api.Project$evaluationDependsOn.call(Ljava/lang/Object;Ljava/lang/Object;)Ljava/lang/Object;+17
j  build_60socz9subs05v8is1p9ty5e7$_run_closure3.doCall(Ljava/lang/Object;)Ljava/lang/Object;+20
v  ~StubRoutines::call_stub
J 1882  sun.reflect.NativeMethodAccessorImpl.invoke0(Ljava/lang/reflect/Method;Ljava/lang/Object;[Ljava/lang/Object;)Ljava/lang/Object; (0 bytes) @ 0x00000000034bb9bf [0x00000000034bb940+0x7f]
J 1881 C1 sun.reflect.NativeMethodAccessorImpl.invoke(Ljava/lang/Object;[Ljava/lang/Object;)Ljava/lang/Object; (104 bytes) @ 0x00000000034bac24 [0x00000000034b9a80+0x11a4]
J 6732 C2 java.lang.reflect.Method.invoke(Ljava/lang/Object;[Ljava/lang/Object;)Ljava/lang/Object; (62 bytes) @ 0x0000000002e9db70 [0x0000000002e9dac0+0xb0]
J 4183 C1 org.codehaus.groovy.reflection.CachedMethod.invoke(Ljava/lang/Object;[Ljava/lang/Object;)Ljava/lang/Object; (70 bytes) @ 0x0000000003a2533c [0x0000000003a25240+0xfc]
J 6147 C1 groovy.lang.MetaMethod.doMethodInvoke(Ljava/lang/Object;[Ljava/lang/Object;)Ljava/lang/Object; (22 bytes) @ 0x00000000030603c4 [0x0000000003060200+0x1c4]
J 6157 C1 org.codehaus.groovy.runtime.metaclass.ClosureMetaClass.invokeMethod(Ljava/lang/Class;Ljava/lang/Object;Ljava/lang/String;[Ljava/lang/Object;ZZ)Ljava/lang/Object; (872 bytes) @ 0x0000000003f83244 [0x0000000003f7ef80+0x42c4]
J 6126 C1 groovy.lang.MetaClassImpl.invokeMethod(Ljava/lang/Object;Ljava/lang/String;[Ljava/lang/Object;)Ljava/lang/Object; (14 bytes) @ 0x0000000002fc326c [0x0000000002fc3140+0x12c]
J 6398 C1 groovy.lang.Closure.call([Ljava/lang/Object;)Ljava/lang/Object; (30 bytes) @ 0x0000000003ff7bd4 [0x0000000003ff7a00+0x1d4]
J 6400 C1 groovy.lang.Closure.call(Ljava/lang/Object;)Ljava/lang/Object; (13 bytes) @ 0x0000000003ff75ec [0x0000000003ff7340+0x2ac]
j  org.gradle.api.internal.ClosureBackedAction.execute(Ljava/lang/Object;)V+80
j  org.gradle.util.ConfigureUtil.configureTarget(Lgroovy/lang/Closure;Ljava/lang/Object;Lorg/gradle/internal/metaobject/ConfigureDelegate;)V+44
j  org.gradle.util.ConfigureUtil.configure(Lgroovy/lang/Closure;Ljava/lang/Object;)Ljava/lang/Object;+38
j  org.gradle.util.ConfigureUtil$WrappedConfigureAction.execute(Ljava/lang/Object;)V+5
j  org.gradle.api.internal.project.BuildOperationCrossProjectConfigurator$4.execute(Ljava/lang/Object;)V+39
j  org.gradle.internal.Actions.with(Ljava/lang/Object;Lorg/gradle/api/Action;)Ljava/lang/Object;+2
j  org.gradle.api.internal.project.BuildOperationCrossProjectConfigurator$3.run(Lorg/gradle/internal/operations/BuildOperationContext;)V+15
J 6951 C1 org.gradle.internal.operations.DefaultBuildOperationExecutor$RunnableBuildOperationWorker.execute(Lorg/gradle/internal/operations/BuildOperation;Lorg/gradle/internal/operations/BuildOperationContext;)V (10 bytes) @ 0x0000000004101264 [0x0000000004101000+0x264]
J 5620 C1 org.gradle.internal.operations.DefaultBuildOperationExecutor.execute(Lorg/gradle/internal/operations/BuildOperation;Lorg/gradle/internal/operations/BuildOperationWorker;Lorg/gradle/internal/operations/DefaultBuildOperationExecutor$BuildOperationState;)V (336 bytes) @ 0x0000000003e3b67c [0x0000000003e39a80+0x1bfc]
J 8822 C1 org.gradle.internal.operations.DefaultBuildOperationExecutor.run(Lorg/gradle/internal/operations/RunnableBuildOperation;)V (32 bytes) @ 0x0000000004491d64 [0x00000000044918a0+0x4c4]
J 8840 C1 org.gradle.internal.operations.DelegatingBuildOperationExecutor.run(Lorg/gradle/internal/operations/RunnableBuildOperation;)V (11 bytes) @ 0x00000000044b6ec4 [0x00000000044b6dc0+0x104]
j  org.gradle.api.internal.project.BuildOperationCrossProjectConfigurator.runProjectConfigureAction(Lorg/gradle/api/Project;Lorg/gradle/api/Action;)V+15
j  org.gradle.api.internal.project.BuildOperationCrossProjectConfigurator.access$400(Lorg/gradle/api/internal/project/BuildOperationCrossProjectConfigurator;Lorg/gradle/api/Project;Lorg/gradle/api/Action;)V+3
j  org.gradle.api.internal.project.BuildOperationCrossProjectConfigurator$2.doRunProjectConfigure(Lorg/gradle/api/Project;)V+9
j  org.gradle.api.internal.project.BuildOperationCrossProjectConfigurator$BlockConfigureBuildOperation.run(Lorg/gradle/internal/operations/BuildOperationContext;)V+31
J 6951 C1 org.gradle.internal.operations.DefaultBuildOperationExecutor$RunnableBuildOperationWorker.execute(Lorg/gradle/internal/operations/BuildOperation;Lorg/gradle/internal/operations/BuildOperationContext;)V (10 bytes) @ 0x0000000004101264 [0x0000000004101000+0x264]
J 5620 C1 org.gradle.internal.operations.DefaultBuildOperationExecutor.execute(Lorg/gradle/internal/operations/BuildOperation;Lorg/gradle/internal/operations/BuildOperationWorker;Lorg/gradle/internal/operations/DefaultBuildOperationExecutor$BuildOperationState;)V (336 bytes) @ 0x0000000003e3b67c [0x0000000003e39a80+0x1bfc]
J 8822 C1 org.gradle.internal.operations.DefaultBuildOperationExecutor.run(Lorg/gradle/internal/operations/RunnableBuildOperation;)V (32 bytes) @ 0x0000000004491d64 [0x00000000044918a0+0x4c4]
J 8840 C1 org.gradle.internal.operations.DelegatingBuildOperationExecutor.run(Lorg/gradle/internal/operations/RunnableBuildOperation;)V (11 bytes) @ 0x00000000044b6ec4 [0x00000000044b6dc0+0x104]
j  org.gradle.api.internal.project.BuildOperationCrossProjectConfigurator.runBlockConfigureAction(Lorg/gradle/internal/operations/BuildOperationDescriptor$Builder;Ljava/lang/Iterable;Lorg/gradle/api/Action;)V+15
j  org.gradle.api.internal.project.BuildOperationCrossProjectConfigurator.subprojects(Ljava/lang/Iterable;Lorg/gradle/api/Action;)V+6
j  org.gradle.api.internal.project.DefaultProject.subprojects(Lgroovy/lang/Closure;)V+12
v  ~StubRoutines::call_stub
J 1882  sun.reflect.NativeMethodAccessorImpl.invoke0(Ljava/lang/reflect/Method;Ljava/lang/Object;[Ljava/lang/Object;)Ljava/lang/Object; (0 bytes) @ 0x00000000034bb9bf [0x00000000034bb940+0x7f]
J 1881 C1 sun.reflect.NativeMethodAccessorImpl.invoke(Ljava/lang/Object;[Ljava/lang/Object;)Ljava/lang/Object; (104 bytes) @ 0x00000000034bac24 [0x00000000034b9a80+0x11a4]
J 6732 C2 java.lang.reflect.Method.invoke(Ljava/lang/Object;[Ljava/lang/Object;)Ljava/lang/Object; (62 bytes) @ 0x0000000002e9db70 [0x0000000002e9dac0+0xb0]
J 4183 C1 org.codehaus.groovy.reflection.CachedMethod.invoke(Ljava/lang/Object;[Ljava/lang/Object;)Ljava/lang/Object; (70 bytes) @ 0x0000000003a2533c [0x0000000003a25240+0xfc]
J 6147 C1 groovy.lang.MetaMethod.doMethodInvoke(Ljava/lang/Object;[Ljava/lang/Object;)Ljava/lang/Object; (22 bytes) @ 0x00000000030603c4 [0x0000000003060200+0x1c4]
j  org.gradle.internal.metaobject.BeanDynamicObject$MetaClassAdapter.invokeMethod(Ljava/lang/String;[Ljava/lang/Object;)Lorg/gradle/internal/metaobject/DynamicInvokeResult;+36
j  org.gradle.internal.metaobject.BeanDynamicObject.tryInvokeMethod(Ljava/lang/String;[Ljava/lang/Object;)Lorg/gradle/internal/metaobject/DynamicInvokeResult;+6
j  org.gradle.internal.metaobject.CompositeDynamicObject.tryInvokeMethod(Ljava/lang/String;[Ljava/lang/Object;)Lorg/gradle/internal/metaobject/DynamicInvokeResult;+29
j  org.gradle.internal.metaobject.MixInClosurePropertiesAsMethodsDynamicObject.tryInvokeMethod(Ljava/lang/String;[Ljava/lang/Object;)Lorg/gradle/internal/metaobject/DynamicInvokeResult;+3
j  org.gradle.groovy.scripts.BasicScript$ScriptDynamicObject.tryInvokeMethod(Ljava/lang/String;[Ljava/lang/Object;)Lorg/gradle/internal/metaobject/DynamicInvokeResult;+27
j  org.gradle.internal.metaobject.AbstractDynamicObject.invokeMethod(Ljava/lang/String;[Ljava/lang/Object;)Ljava/lang/Object;+3
j  org.gradle.groovy.scripts.BasicScript.invokeMethod(Ljava/lang/String;Ljava/lang/Object;)Ljava/lang/Object;+12
j  org.codehaus.groovy.runtime.callsite.PogoMetaClassSite.callCurrent(Lgroovy/lang/GroovyObject;[Ljava/lang/Object;)Ljava/lang/Object;+71
j  org.codehaus.groovy.runtime.callsite.AbstractCallSite.callCurrent(Lgroovy/lang/GroovyObject;Ljava/lang/Object;)Ljava/lang/Object;+33
j  build_60socz9subs05v8is1p9ty5e7.run()Ljava/lang/Object;+83
j  org.gradle.groovy.scripts.internal.DefaultScriptRunnerFactory$ScriptRunnerImpl.run(Ljava/lang/Object;Lorg/gradle/internal/service/ServiceRegistry;)V+57
j  org.gradle.configuration.DefaultScriptPluginFactory$ScriptPluginImpl$2.run()V+12
j  org.gradle.configuration.ProjectScriptTarget.addConfiguration(Ljava/lang/Runnable;Z)V+18
j  org.gradle.configuration.DefaultScriptPluginFactory$ScriptPluginImpl.apply(Ljava/lang/Object;)V+621
j  org.gradle.configuration.BuildOperationScriptPlugin$1$1.run(Lorg/gradle/internal/operations/BuildOperationContext;)V+17
J 6951 C1 org.gradle.internal.operations.DefaultBuildOperationExecutor$RunnableBuildOperationWorker.execute(Lorg/gradle/internal/operations/BuildOperation;Lorg/gradle/internal/operations/BuildOperationContext;)V (10 bytes) @ 0x0000000004101264 [0x0000000004101000+0x264]
J 5620 C1 org.gradle.internal.operations.DefaultBuildOperationExecutor.execute(Lorg/gradle/internal/operations/BuildOperation;Lorg/gradle/internal/operations/BuildOperationWorker;Lorg/gradle/internal/operations/DefaultBuildOperationExecutor$BuildOperationState;)V (336 bytes) @ 0x0000000003e3b67c [0x0000000003e39a80+0x1bfc]
J 8822 C1 org.gradle.internal.operations.DefaultBuildOperationExecutor.run(Lorg/gradle/internal/operations/RunnableBuildOperation;)V (32 bytes) @ 0x0000000004491d64 [0x00000000044918a0+0x4c4]
J 8840 C1 org.gradle.internal.operations.DelegatingBuildOperationExecutor.run(Lorg/gradle/internal/operations/RunnableBuildOperation;)V (11 bytes) @ 0x00000000044b6ec4 [0x00000000044b6dc0+0x104]
j  org.gradle.configuration.BuildOperationScriptPlugin$1.execute(Lorg/gradle/configuration/internal/UserCodeApplicationId;)V+16
j  org.gradle.configuration.BuildOperationScriptPlugin$1.execute(Ljava/lang/Object;)V+5
j  org.gradle.configuration.internal.DefaultUserCodeApplicationContext.apply(Lorg/gradle/api/Action;)V+19
j  org.gradle.configuration.BuildOperationScriptPlugin.apply(Ljava/lang/Object;)V+54
j  org.gradle.configuration.project.BuildScriptProcessor.execute(Lorg/gradle/api/internal/project/ProjectInternal;)V+74
j  org.gradle.configuration.project.BuildScriptProcessor.execute(Ljava/lang/Object;)V+5
j  org.gradle.configuration.project.ConfigureActionsProjectEvaluator.evaluate(Lorg/gradle/api/internal/project/ProjectInternal;Lorg/gradle/api/internal/project/ProjectStateInternal;)V+33
j  org.gradle.configuration.project.LifecycleProjectEvaluator$EvaluateProject.run(Lorg/gradle/internal/operations/BuildOperationContext;)V+67
J 6951 C1 org.gradle.internal.operations.DefaultBuildOperationExecutor$RunnableBuildOperationWorker.execute(Lorg/gradle/internal/operations/BuildOperation;Lorg/gradle/internal/operations/BuildOperationContext;)V (10 bytes) @ 0x0000000004101264 [0x0000000004101000+0x264]
J 5620 C1 org.gradle.internal.operations.DefaultBuildOperationExecutor.execute(Lorg/gradle/internal/operations/BuildOperation;Lorg/gradle/internal/operations/BuildOperationWorker;Lorg/gradle/internal/operations/DefaultBuildOperationExecutor$BuildOperationState;)V (336 bytes) @ 0x0000000003e3b67c [0x0000000003e39a80+0x1bfc]
J 8822 C1 org.gradle.internal.operations.DefaultBuildOperationExecutor.run(Lorg/gradle/internal/operations/RunnableBuildOperation;)V (32 bytes) @ 0x0000000004491d64 [0x00000000044918a0+0x4c4]
J 8840 C1 org.gradle.internal.operations.DelegatingBuildOperationExecutor.run(Lorg/gradle/internal/operations/RunnableBuildOperation;)V (11 bytes) @ 0x00000000044b6ec4 [0x00000000044b6dc0+0x104]
j  org.gradle.configuration.project.LifecycleProjectEvaluator.evaluate(Lorg/gradle/api/internal/project/ProjectInternal;Lorg/gradle/api/internal/project/ProjectStateInternal;)V+22
j  org.gradle.api.internal.project.DefaultProject.evaluate()Lorg/gradle/api/internal/project/DefaultProject;+9
j  org.gradle.api.internal.project.DefaultProject.evaluate()Lorg/gradle/api/Project;+1
j  org.gradle.execution.TaskPathProjectEvaluator.configure(Lorg/gradle/api/internal/project/ProjectInternal;)V+21
j  org.gradle.execution.TaskPathProjectEvaluator.configureHierarchy(Lorg/gradle/api/internal/project/ProjectInternal;)V+2
j  org.gradle.configuration.DefaultBuildConfigurer.configure(Lorg/gradle/api/internal/GradleInternal;)V+63
j  org.gradle.initialization.DefaultGradleLauncher$ConfigureBuild.run(Lorg/gradle/internal/operations/BuildOperationContext;)V+40
J 6951 C1 org.gradle.internal.operations.DefaultBuildOperationExecutor$RunnableBuildOperationWorker.execute(Lorg/gradle/internal/operations/BuildOperation;Lorg/gradle/internal/operations/BuildOperationContext;)V (10 bytes) @ 0x0000000004101264 [0x0000000004101000+0x264]
J 5620 C1 org.gradle.internal.operations.DefaultBuildOperationExecutor.execute(Lorg/gradle/internal/operations/BuildOperation;Lorg/gradle/internal/operations/BuildOperationWorker;Lorg/gradle/internal/operations/DefaultBuildOperationExecutor$BuildOperationState;)V (336 bytes) @ 0x0000000003e3b67c [0x0000000003e39a80+0x1bfc]
J 8822 C1 org.gradle.internal.operations.DefaultBuildOperationExecutor.run(Lorg/gradle/internal/operations/RunnableBuildOperation;)V (32 bytes) @ 0x0000000004491d64 [0x00000000044918a0+0x4c4]
J 8840 C1 org.gradle.internal.operations.DelegatingBuildOperationExecutor.run(Lorg/gradle/internal/operations/RunnableBuildOperation;)V (11 bytes) @ 0x00000000044b6ec4 [0x00000000044b6dc0+0x104]
j  org.gradle.initialization.DefaultGradleLauncher.configureBuild()V+23
j  org.gradle.initialization.DefaultGradleLauncher.doBuildStages(Lorg/gradle/initialization/DefaultGradleLauncher$Stage;)V+13
j  org.gradle.initialization.DefaultGradleLauncher.executeTasks()Lorg/gradle/api/internal/GradleInternal;+4
j  org.gradle.internal.invocation.GradleBuildController$1.call()Lorg/gradle/api/internal/GradleInternal;+7
j  org.gradle.internal.invocation.GradleBuildController$1.call()Ljava/lang/Object;+1
j  org.gradle.internal.work.DefaultWorkerLeaseService.withLocks(Ljava/lang/Iterable;Ljava/util/concurrent/Callable;)Ljava/lang/Object;+15
j  org.gradle.internal.work.StopShieldingWorkerLeaseService.withLocks(Ljava/lang/Iterable;Ljava/util/concurrent/Callable;)Ljava/lang/Object;+6
j  org.gradle.internal.invocation.GradleBuildController.doBuild(Ljava/util/concurrent/Callable;)Lorg/gradle/api/internal/GradleInternal;+17
j  org.gradle.internal.invocation.GradleBuildController.run()Lorg/gradle/api/internal/GradleInternal;+9
j  org.gradle.tooling.internal.provider.ExecuteBuildActionRunner.run(Lorg/gradle/internal/invocation/BuildAction;Lorg/gradle/internal/invocation/BuildController;)V+8
j  org.gradle.launcher.exec.ChainingBuildActionRunner.run(Lorg/gradle/internal/invocation/BuildAction;Lorg/gradle/internal/invocation/BuildController;)V+34
j  org.gradle.tooling.internal.provider.ValidatingBuildActionRunner.run(Lorg/gradle/internal/invocation/BuildAction;Lorg/gradle/internal/invocation/BuildController;)V+6
j  org.gradle.launcher.exec.RunAsBuildOperationBuildActionRunner$3.run(Lorg/gradle/internal/operations/BuildOperationContext;)V+69
J 6951 C1 org.gradle.internal.operations.DefaultBuildOperationExecutor$RunnableBuildOperationWorker.execute(Lorg/gradle/internal/operations/BuildOperation;Lorg/gradle/internal/operations/BuildOperationContext;)V (10 bytes) @ 0x0000000004101264 [0x0000000004101000+0x264]
J 5620 C1 org.gradle.internal.operations.DefaultBuildOperationExecutor.execute(Lorg/gradle/internal/operations/BuildOperation;Lorg/gradle/internal/operations/BuildOperationWorker;Lorg/gradle/internal/operations/DefaultBuildOperationExecutor$BuildOperationState;)V (336 bytes) @ 0x0000000003e3b67c [0x0000000003e39a80+0x1bfc]
J 8822 C1 org.gradle.internal.operations.DefaultBuildOperationExecutor.run(Lorg/gradle/internal/operations/RunnableBuildOperation;)V (32 bytes) @ 0x0000000004491d64 [0x00000000044918a0+0x4c4]
J 8840 C1 org.gradle.internal.operations.DelegatingBuildOperationExecutor.run(Lorg/gradle/internal/operations/RunnableBuildOperation;)V (11 bytes) @ 0x00000000044b6ec4 [0x00000000044b6dc0+0x104]
j  org.gradle.launcher.exec.RunAsBuildOperationBuildActionRunner.run(Lorg/gradle/internal/invocation/BuildAction;Lorg/gradle/internal/invocation/BuildController;)V+34
j  org.gradle.tooling.internal.provider.SubscribableBuildActionRunner.run(Lorg/gradle/internal/invocation/BuildAction;Lorg/gradle/internal/invocation/BuildController;)V+40
j  org.gradle.launcher.exec.InProcessBuildActionExecuter$1.transform(Lorg/gradle/internal/invocation/BuildController;)Ljava/lang/Object;+12
j  org.gradle.launcher.exec.InProcessBuildActionExecuter$1.transform(Ljava/lang/Object;)Ljava/lang/Object;+5
j  org.gradle.composite.internal.DefaultRootBuildState.run(Lorg/gradle/api/Transformer;)Ljava/lang/Object;+36
j  org.gradle.launcher.exec.InProcessBuildActionExecuter.execute(Lorg/gradle/internal/invocation/BuildAction;Lorg/gradle/initialization/BuildRequestContext;Lorg/gradle/launcher/exec/BuildActionParameters;Lorg/gradle/internal/service/ServiceRegistry;)Ljava/lang/Object;+68
j  org.gradle.launcher.exec.InProcessBuildActionExecuter.execute(Lorg/gradle/internal/invocation/BuildAction;Lorg/gradle/initialization/BuildRequestContext;Ljava/lang/Object;Lorg/gradle/internal/service/ServiceRegistry;)Ljava/lang/Object;+9
j  org.gradle.launcher.exec.BuildTreeScopeBuildActionExecuter.execute(Lorg/gradle/internal/invocation/BuildAction;Lorg/gradle/initialization/BuildRequestContext;Lorg/gradle/launcher/exec/BuildActionParameters;Lorg/gradle/internal/service/ServiceRegistry;)Ljava/lang/Object;+38
j  org.gradle.launcher.exec.BuildTreeScopeBuildActionExecuter.execute(Lorg/gradle/internal/invocation/BuildAction;Lorg/gradle/initialization/BuildRequestContext;Ljava/lang/Object;Lorg/gradle/internal/service/ServiceRegistry;)Ljava/lang/Object;+9
j  org.gradle.tooling.internal.provider.ContinuousBuildActionExecuter.execute(Lorg/gradle/internal/invocation/BuildAction;Lorg/gradle/initialization/BuildRequestContext;Lorg/gradle/launcher/exec/BuildActionParameters;Lorg/gradle/internal/service/ServiceRegistry;)Ljava/lang/Object;+63
j  org.gradle.tooling.internal.provider.ContinuousBuildActionExecuter.execute(Lorg/gradle/internal/invocation/BuildAction;Lorg/gradle/initialization/BuildRequestContext;Ljava/lang/Object;Lorg/gradle/internal/service/ServiceRegistry;)Ljava/lang/Object;+9
j  org.gradle.tooling.internal.provider.ServicesSetupBuildActionExecuter.execute(Lorg/gradle/internal/invocation/BuildAction;Lorg/gradle/initialization/BuildRequestContext;Lorg/gradle/launcher/exec/BuildActionParameters;Lorg/gradle/internal/service/ServiceRegistry;)Ljava/lang/Object;+107
j  org.gradle.tooling.internal.provider.ServicesSetupBuildActionExecuter.execute(Lorg/gradle/internal/invocation/BuildAction;Lorg/gradle/initialization/BuildRequestContext;Ljava/lang/Object;Lorg/gradle/internal/service/ServiceRegistry;)Ljava/lang/Object;+9
j  org.gradle.tooling.internal.provider.GradleThreadBuildActionExecuter.execute(Lorg/gradle/internal/invocation/BuildAction;Lorg/gradle/initialization/BuildRequestContext;Lorg/gradle/launcher/exec/BuildActionParameters;Lorg/gradle/internal/service/ServiceRegistry;)Ljava/lang/Object;+12
j  org.gradle.tooling.internal.provider.GradleThreadBuildActionExecuter.execute(Lorg/gradle/internal/invocation/BuildAction;Lorg/gradle/initialization/BuildRequestContext;Ljava/lang/Object;Lorg/gradle/internal/service/ServiceRegistry;)Ljava/lang/Object;+9
j  org.gradle.tooling.internal.provider.ParallelismConfigurationBuildActionExecuter.execute(Lorg/gradle/internal/invocation/BuildAction;Lorg/gradle/initialization/BuildRequestContext;Lorg/gradle/launcher/exec/BuildActionParameters;Lorg/gradle/internal/service/ServiceRegistry;)Ljava/lang/Object;+43
j  org.gradle.tooling.internal.provider.ParallelismConfigurationBuildActionExecuter.execute(Lorg/gradle/internal/invocation/BuildAction;Lorg/gradle/initialization/BuildRequestContext;Ljava/lang/Object;Lorg/gradle/internal/service/ServiceRegistry;)Ljava/lang/Object;+9
j  org.gradle.tooling.internal.provider.StartParamsValidatingActionExecuter.execute(Lorg/gradle/internal/invocation/BuildAction;Lorg/gradle/initialization/BuildRequestContext;Lorg/gradle/launcher/exec/BuildActionParameters;Lorg/gradle/internal/service/ServiceRegistry;)Ljava/lang/Object;+177
j  org.gradle.tooling.internal.provider.StartParamsValidatingActionExecuter.execute(Lorg/gradle/internal/invocation/BuildAction;Lorg/gradle/initialization/BuildRequestContext;Ljava/lang/Object;Lorg/gradle/internal/service/ServiceRegistry;)Ljava/lang/Object;+9
j  org.gradle.tooling.internal.provider.SessionFailureReportingActionExecuter.execute(Lorg/gradle/internal/invocation/BuildAction;Lorg/gradle/initialization/BuildRequestContext;Lorg/gradle/launcher/exec/BuildActionParameters;Lorg/gradle/internal/service/ServiceRegistry;)Ljava/lang/Object;+9
j  org.gradle.tooling.internal.provider.SessionFailureReportingActionExecuter.execute(Lorg/gradle/internal/invocation/BuildAction;Lorg/gradle/initialization/BuildRequestContext;Ljava/lang/Object;Lorg/gradle/internal/service/ServiceRegistry;)Ljava/lang/Object;+9
j  org.gradle.tooling.internal.provider.SetupLoggingActionExecuter.execute(Lorg/gradle/internal/invocation/BuildAction;Lorg/gradle/initialization/BuildRequestContext;Lorg/gradle/launcher/exec/BuildActionParameters;Lorg/gradle/internal/service/ServiceRegistry;)Ljava/lang/Object;+52
j  org.gradle.tooling.internal.provider.SetupLoggingActionExecuter.execute(Lorg/gradle/internal/invocation/BuildAction;Lorg/gradle/initialization/BuildRequestContext;Ljava/lang/Object;Lorg/gradle/internal/service/ServiceRegistry;)Ljava/lang/Object;+9
j  org.gradle.launcher.daemon.server.exec.ExecuteBuild.doBuild(Lorg/gradle/launcher/daemon/server/api/DaemonCommandExecution;Lorg/gradle/launcher/daemon/protocol/Build;)V+114
j  org.gradle.launcher.daemon.server.exec.BuildCommandOnly.execute(Lorg/gradle/launcher/daemon/server/api/DaemonCommandExecution;)V+49
j  org.gradle.launcher.daemon.server.api.DaemonCommandExecution.proceed()Z+28
j  org.gradle.launcher.daemon.server.exec.WatchForDisconnection.execute(Lorg/gradle/launcher/daemon/server/api/DaemonCommandExecution;)V+19
j  org.gradle.launcher.daemon.server.api.DaemonCommandExecution.proceed()Z+28
j  org.gradle.launcher.daemon.server.exec.ResetDeprecationLogger.execute(Lorg/gradle/launcher/daemon/server/api/DaemonCommandExecution;)V+4
j  org.gradle.launcher.daemon.server.api.DaemonCommandExecution.proceed()Z+28
j  org.gradle.launcher.daemon.server.exec.RequestStopIfSingleUsedDaemon.execute(Lorg/gradle/launcher/daemon/server/api/DaemonCommandExecution;)V+33
j  org.gradle.launcher.daemon.server.api.DaemonCommandExecution.proceed()Z+28
j  org.gradle.launcher.daemon.server.exec.ForwardClientInput$2.call()Ljava/lang/Void;+4
j  org.gradle.launcher.daemon.server.exec.ForwardClientInput$2.call()Ljava/lang/Object;+1
j  org.gradle.util.Swapper.swap(Ljava/lang/Object;Ljava/util/concurrent/Callable;)Ljava/lang/Object;+21
j  org.gradle.launcher.daemon.server.exec.ForwardClientInput.execute(Lorg/gradle/launcher/daemon/server/api/DaemonCommandExecution;)V+63
j  org.gradle.launcher.daemon.server.api.DaemonCommandExecution.proceed()Z+28
j  org.gradle.launcher.daemon.server.exec.LogAndCheckHealth.execute(Lorg/gradle/launcher/daemon/server/api/DaemonCommandExecution;)V+28
j  org.gradle.launcher.daemon.server.api.DaemonCommandExecution.proceed()Z+28
j  org.gradle.launcher.daemon.server.exec.LogToClient.doBuild(Lorg/gradle/launcher/daemon/server/api/DaemonCommandExecution;Lorg/gradle/launcher/daemon/protocol/Build;)V+87
j  org.gradle.launcher.daemon.server.exec.BuildCommandOnly.execute(Lorg/gradle/launcher/daemon/server/api/DaemonCommandExecution;)V+49
j  org.gradle.launcher.daemon.server.api.DaemonCommandExecution.proceed()Z+28
j  org.gradle.launcher.daemon.server.exec.EstablishBuildEnvironment.doBuild(Lorg/gradle/launcher/daemon/server/api/DaemonCommandExecution;Lorg/gradle/launcher/daemon/protocol/Build;)V+365
j  org.gradle.launcher.daemon.server.exec.BuildCommandOnly.execute(Lorg/gradle/launcher/daemon/server/api/DaemonCommandExecution;)V+49
j  org.gradle.launcher.daemon.server.api.DaemonCommandExecution.proceed()Z+28
j  org.gradle.launcher.daemon.server.exec.StartBuildOrRespondWithBusy$1.run()V+44
j  org.gradle.launcher.daemon.server.DaemonStateCoordinator$1.run()V+4
J 7263 C1 org.gradle.internal.concurrent.ManagedExecutorImpl$1.run()V (59 bytes) @ 0x00000000041fbd5c [0x00000000041fb840+0x51c]
j  java.util.concurrent.ThreadPoolExecutor.runWorker(Ljava/util/concurrent/ThreadPoolExecutor$Worker;)V+95
j  java.util.concurrent.ThreadPoolExecutor$Worker.run()V+5
j  org.gradle.internal.concurrent.ThreadFactoryImpl$ManagedThreadRunnable.run()V+7
j  java.lang.Thread.run()V+11
v  ~StubRoutines::call_stub

---------------  P R O C E S S  ---------------

Java Threads: ( => current thread )
  0x000000001b059800 JavaThread "Build operations Thread 2" [_thread_blocked, id=9324, stack(0x0000000026b70000,0x0000000026c70000)]
  0x000000001b05e000 JavaThread "Build operations" [_thread_blocked, id=9784, stack(0x0000000026a70000,0x0000000026b70000)]
  0x000000001a68e800 JavaThread "Cache worker for cache directory md-rule (C:\Users\Desenvolvimento\.gradle\caches\4.10.2\md-rule)" [_thread_blocked, id=8656, stack(0x0000000026970000,0x0000000026a70000)]
  0x000000001a691000 JavaThread "Cache worker for cache directory md-supplier (C:\Users\Desenvolvimento\.gradle\caches\4.10.2\md-supplier)" [_thread_blocked, id=4976, stack(0x0000000026870000,0x0000000026970000)]
  0x000000001a690000 JavaThread "Cache worker for file hash cache (C:\src\Projetos\JV\jv\android\.gradle\4.10.2\fileHashes)" [_thread_blocked, id=3872, stack(0x0000000026770000,0x0000000026870000)]
  0x000000001a68d000 JavaThread "Stdin handler" [_thread_blocked, id=8648, stack(0x0000000026670000,0x0000000026770000)]
  0x000000001b11f000 JavaThread "Asynchronous log dispatcher for DefaultDaemonConnection: socket connection from /127.0.0.1:60287 to /127.0.0.1:60664" [_thread_blocked, id=7704, stack(0x0000000026570000,0x0000000026670000)]
=>0x000000001b11a800 JavaThread "Daemon worker Thread 2" [_thread_in_vm, id=7508, stack(0x0000000026470000,0x0000000026570000)]
  0x000000001b110800 JavaThread "Cancel handler" [_thread_blocked, id=9768, stack(0x0000000026370000,0x0000000026470000)]
  0x000000001b116800 JavaThread "Handler for socket connection from /127.0.0.1:60287 to /127.0.0.1:60664" [_thread_in_native, id=10092, stack(0x0000000026270000,0x0000000026370000)]
  0x000000001b110000 JavaThread "Daemon Thread 2" [_thread_blocked, id=1464, stack(0x0000000026170000,0x0000000026270000)]
  0x000000001b116000 JavaThread "pool-1-thread-1" [_thread_blocked, id=3716, stack(0x0000000026070000,0x0000000026170000)]
  0x000000001b11b000 JavaThread "RMI Reaper" [_thread_blocked, id=4780, stack(0x0000000021c50000,0x0000000021d50000)]
  0x000000001b119800 JavaThread "RMI TCP Accept-0" daemon [_thread_in_native, id=7976, stack(0x0000000021b50000,0x0000000021c50000)]
  0x000000001b11c000 JavaThread "GC Daemon" daemon [_thread_blocked, id=5452, stack(0x0000000021a50000,0x0000000021b50000)]
  0x000000001b112000 JavaThread "RMI Scheduler(0)" daemon [_thread_blocked, id=6856, stack(0x0000000021850000,0x0000000021950000)]
  0x000000001b114800 JavaThread "Cache worker for file content cache (C:\Users\Desenvolvimento\.gradle\caches\4.10.2\fileContent)" [_thread_blocked, id=10136, stack(0x0000000020850000,0x0000000020950000)]
  0x000000001a68b000 JavaThread "Memory manager" [_thread_blocked, id=7464, stack(0x000000001fee0000,0x000000001ffe0000)]
  0x000000001a68f800 JavaThread "Cache worker for Artifact transforms cache (C:\Users\Desenvolvimento\.gradle\caches\transforms-1)" [_thread_blocked, id=8708, stack(0x000000001da10000,0x000000001db10000)]
  0x000000001a68c800 JavaThread "Cache worker for journal cache (C:\Users\Desenvolvimento\.gradle\caches\journal-1)" [_thread_blocked, id=2584, stack(0x000000001cca0000,0x000000001cda0000)]
  0x000000001aa42000 JavaThread "File lock request listener" [_thread_in_native, id=4944, stack(0x000000001b970000,0x000000001ba70000)]
  0x000000001a97d000 JavaThread "Cache worker for file hash cache (C:\Users\Desenvolvimento\.gradle\caches\4.10.2\fileHashes)" [_thread_blocked, id=1020, stack(0x000000001b530000,0x000000001b630000)]
  0x0000000018f42000 JavaThread "Daemon periodic checks" [_thread_blocked, id=10216, stack(0x0000000019d60000,0x0000000019e60000)]
  0x0000000018f06800 JavaThread "Incoming local TCP Connector on port 60287" [_thread_in_native, id=10236, stack(0x0000000019a00000,0x0000000019b00000)]
  0x00000000164fc800 JavaThread "Service Thread" daemon [_thread_blocked, id=4012, stack(0x00000000176f0000,0x00000000177f0000)]
  0x00000000164f5800 JavaThread "C1 CompilerThread1" daemon [_thread_blocked, id=6328, stack(0x00000000175f0000,0x00000000176f0000)]
  0x0000000016499000 JavaThread "C2 CompilerThread0" daemon [_thread_blocked, id=9732, stack(0x00000000174f0000,0x00000000175f0000)]
  0x0000000016497800 JavaThread "Attach Listener" daemon [_thread_blocked, id=9608, stack(0x00000000173f0000,0x00000000174f0000)]
  0x0000000016494000 JavaThread "Signal Dispatcher" daemon [_thread_blocked, id=4344, stack(0x00000000172f0000,0x00000000173f0000)]
  0x0000000002d48000 JavaThread "Finalizer" daemon [_thread_blocked, id=9748, stack(0x00000000170e0000,0x00000000171e0000)]
  0x0000000016487000 JavaThread "Reference Handler" daemon [_thread_blocked, id=9564, stack(0x0000000016fe0000,0x00000000170e0000)]
  0x0000000002c52800 JavaThread "main" [_thread_blocked, id=4256, stack(0x0000000002b50000,0x0000000002c50000)]

Other Threads:
  0x0000000002d38000 VMThread [stack: 0x0000000016ee0000,0x0000000016fe0000] [id=4644]
  0x00000000164fe000 WatcherThread [stack: 0x00000000177f0000,0x00000000178f0000] [id=5364]

VM state:not at safepoint (normal execution)

VM Mutex/Monitor currently owned by a thread: None

heap address: 0x00000000a0000000, size: 1536 MB, Compressed Oops mode: 32-bit
Narrow klass base: 0x0000000000000000, Narrow klass shift: 3
Compressed class space size: 1073741824 Address: 0x0000000100000000

Heap:
 PSYoungGen      total 396288K, used 207631K [0x00000000e0000000, 0x00000000ff200000, 0x0000000100000000)
  eden space 322048K, 64% used [0x00000000e0000000,0x00000000ecac3d70,0x00000000f3a80000)
  from space 74240K, 0% used [0x00000000f8580000,0x00000000f8580000,0x00000000fce00000)
  to   space 76800K, 0% used [0x00000000f3a80000,0x00000000f3a80000,0x00000000f8580000)
 ParOldGen       total 204800K, used 111285K [0x00000000a0000000, 0x00000000ac800000, 0x00000000e0000000)
  object space 204800K, 54% used [0x00000000a0000000,0x00000000a6cad410,0x00000000ac800000)
 Metaspace       used 101294K, capacity 105612K, committed 105688K, reserved 1140736K
  class space    used 12931K, capacity 13808K, committed 13824K, reserved 1048576K

Card table byte_map: [0x0000000012110000,0x0000000012420000] byte_map_base: 0x0000000011c10000

Marking Bits: (ParMarkBitMap*) 0x000000006a4c9f30
 Begin Bits: [0x0000000012820000, 0x0000000014020000)
 End Bits:   [0x0000000014020000, 0x0000000015820000)

Polling page: 0x0000000001350000

CodeCache: size=245760Kb used=39393Kb max_used=39730Kb free=206366Kb
 bounds [0x0000000002d50000, 0x0000000005460000, 0x0000000011d50000]
 total_blobs=13594 nmethods=12679 adapters=827
 compilation: enabled

Compilation events (10 events):
Event: 306.101 Thread 0x0000000016499000 15338       4       sun.nio.fs.Util::followLinks (66 bytes)
Event: 306.105 Thread 0x0000000016499000 nmethod 15338 0x0000000003e86cd0 code [0x0000000003e86e20, 0x0000000003e86ed8]
Event: 306.105 Thread 0x0000000016499000 15339       4       sun.nio.fs.WindowsFileSystemProvider::getFileAttributeView (118 bytes)
Event: 306.115 Thread 0x0000000016499000 nmethod 15339 0x0000000004730290 code [0x0000000004730400, 0x0000000004730688]
Event: 306.657 Thread 0x00000000164f5800 15340       3       java.util.stream.ReferencePipeline$StatelessOp::<init> (29 bytes)
Event: 306.658 Thread 0x00000000164f5800 nmethod 15340 0x000000000472fe10 code [0x000000000472ff80, 0x0000000004730188]
Event: 306.680 Thread 0x0000000016499000 15341       4       java.util.Iterator::forEachRemaining (30 bytes)
Event: 306.681 Thread 0x0000000016499000 nmethod 15341 0x0000000004a426d0 code [0x0000000004a42820, 0x0000000004a42918]
Event: 308.223 Thread 0x0000000016499000 15342       4       java.lang.Throwable::<init> (34 bytes)
Event: 308.224 Thread 0x0000000016499000 nmethod 15342 0x0000000004b9c3d0 code [0x0000000004b9c520, 0x0000000004b9c5d8]

GC Heap History (10 events):
Event: 167.214 GC heap before
{Heap before GC invocations=21 (full 4):
 PSYoungGen      total 262656K, used 241463K [0x00000000e0000000, 0x00000000f5100000, 0x0000000100000000)
  eden space 235008K, 100% used [0x00000000e0000000,0x00000000ee580000,0x00000000ee580000)
  from space 27648K, 23% used [0x00000000f1100000,0x00000000f174de50,0x00000000f2c00000)
  to   space 44544K, 0% used [0x00000000ee580000,0x00000000ee580000,0x00000000f1100000)
 ParOldGen       total 164352K, used 88855K [0x00000000a0000000, 0x00000000aa080000, 0x00000000e0000000)
  object space 164352K, 54% used [0x00000000a0000000,0x00000000a56c5e98,0x00000000aa080000)
 Metaspace       used 93578K, capacity 96850K, committed 96984K, reserved 1134592K
  class space    used 12050K, capacity 12753K, committed 12800K, reserved 1048576K
Event: 167.371 GC heap after
Heap after GC invocations=21 (full 4):
 PSYoungGen      total 279552K, used 43260K [0x00000000e0000000, 0x00000000f7500000, 0x0000000100000000)
  eden space 235008K, 0% used [0x00000000e0000000,0x00000000e0000000,0x00000000ee580000)
  from space 44544K, 97% used [0x00000000ee580000,0x00000000f0fbf2e8,0x00000000f1100000)
  to   space 51712K, 0% used [0x00000000f4280000,0x00000000f4280000,0x00000000f7500000)
 ParOldGen       total 164352K, used 95040K [0x00000000a0000000, 0x00000000aa080000, 0x00000000e0000000)
  object space 164352K, 57% used [0x00000000a0000000,0x00000000a5cd00a8,0x00000000aa080000)
 Metaspace       used 93578K, capacity 96850K, committed 96984K, reserved 1134592K
  class space    used 12050K, capacity 12753K, committed 12800K, reserved 1048576K
}
Event: 173.696 GC heap before
{Heap before GC invocations=22 (full 4):
 PSYoungGen      total 279552K, used 278268K [0x00000000e0000000, 0x00000000f7500000, 0x0000000100000000)
  eden space 235008K, 100% used [0x00000000e0000000,0x00000000ee580000,0x00000000ee580000)
  from space 44544K, 97% used [0x00000000ee580000,0x00000000f0fbf2e8,0x00000000f1100000)
  to   space 51712K, 0% used [0x00000000f4280000,0x00000000f4280000,0x00000000f7500000)
 ParOldGen       total 164352K, used 95040K [0x00000000a0000000, 0x00000000aa080000, 0x00000000e0000000)
  object space 164352K, 57% used [0x00000000a0000000,0x00000000a5cd00a8,0x00000000aa080000)
 Metaspace       used 99179K, capacity 103372K, committed 103640K, reserved 1138688K
  class space    used 12685K, capacity 13544K, committed 13568K, reserved 1048576K
Event: 173.788 GC heap after
Heap after GC invocations=22 (full 4):
 PSYoungGen      total 328192K, used 27724K [0x00000000e0000000, 0x00000000f7400000, 0x0000000100000000)
  eden space 277504K, 0% used [0x00000000e0000000,0x00000000e0000000,0x00000000f0f00000)
  from space 50688K, 54% used [0x00000000f4280000,0x00000000f5d93058,0x00000000f7400000)
  to   space 51712K, 0% used [0x00000000f0f00000,0x00000000f0f00000,0x00000000f4180000)
 ParOldGen       total 164352K, used 95048K [0x00000000a0000000, 0x00000000aa080000, 0x00000000e0000000)
  object space 164352K, 57% used [0x00000000a0000000,0x00000000a5cd20a8,0x00000000aa080000)
 Metaspace       used 99179K, capacity 103372K, committed 103640K, reserved 1138688K
  class space    used 12685K, capacity 13544K, committed 13568K, reserved 1048576K
}
Event: 184.419 GC heap before
{Heap before GC invocations=23 (full 4):
 PSYoungGen      total 328192K, used 303151K [0x00000000e0000000, 0x00000000f7400000, 0x0000000100000000)
  eden space 277504K, 99% used [0x00000000e0000000,0x00000000f0cf8c50,0x00000000f0f00000)
  from space 50688K, 54% used [0x00000000f4280000,0x00000000f5d93058,0x00000000f7400000)
  to   space 51712K, 0% used [0x00000000f0f00000,0x00000000f0f00000,0x00000000f4180000)
 ParOldGen       total 164352K, used 95048K [0x00000000a0000000, 0x00000000aa080000, 0x00000000e0000000)
  object space 164352K, 57% used [0x00000000a0000000,0x00000000a5cd20a8,0x00000000aa080000)
 Metaspace       used 100572K, capacity 104760K, committed 104792K, reserved 1140736K
  class space    used 12855K, capacity 13690K, committed 13696K, reserved 1048576K
Event: 184.526 GC heap after
Heap after GC invocations=23 (full 4):
 PSYoungGen      total 329216K, used 51683K [0x00000000e0000000, 0x00000000fce00000, 0x0000000100000000)
  eden space 277504K, 0% used [0x00000000e0000000,0x00000000e0000000,0x00000000f0f00000)
  from space 51712K, 99% used [0x00000000f0f00000,0x00000000f4178c48,0x00000000f4180000)
  to   space 74240K, 0% used [0x00000000f8580000,0x00000000f8580000,0x00000000fce00000)
 ParOldGen       total 164352K, used 132237K [0x00000000a0000000, 0x00000000aa080000, 0x00000000e0000000)
  object space 164352K, 80% used [0x00000000a0000000,0x00000000a81237e8,0x00000000aa080000)
 Metaspace       used 100572K, capacity 104760K, committed 104792K, reserved 1140736K
  class space    used 12855K, capacity 13690K, committed 13696K, reserved 1048576K
}
Event: 185.318 GC heap before
{Heap before GC invocations=24 (full 4):
 PSYoungGen      total 329216K, used 328941K [0x00000000e0000000, 0x00000000fce00000, 0x0000000100000000)
  eden space 277504K, 99% used [0x00000000e0000000,0x00000000f0ec2b10,0x00000000f0f00000)
  from space 51712K, 99% used [0x00000000f0f00000,0x00000000f4178c48,0x00000000f4180000)
  to   space 74240K, 0% used [0x00000000f8580000,0x00000000f8580000,0x00000000fce00000)
 ParOldGen       total 164352K, used 132237K [0x00000000a0000000, 0x00000000aa080000, 0x00000000e0000000)
  object space 164352K, 80% used [0x00000000a0000000,0x00000000a81237e8,0x00000000aa080000)
 Metaspace       used 100724K, capacity 105024K, committed 105176K, reserved 1140736K
  class space    used 12873K, capacity 13732K, committed 13824K, reserved 1048576K
Event: 185.454 GC heap after
Heap after GC invocations=24 (full 4):
 PSYoungGen      total 396288K, used 47165K [0x00000000e0000000, 0x00000000ff200000, 0x0000000100000000)
  eden space 322048K, 0% used [0x00000000e0000000,0x00000000e0000000,0x00000000f3a80000)
  from space 74240K, 63% used [0x00000000f8580000,0x00000000fb38f6e8,0x00000000fce00000)
  to   space 76800K, 0% used [0x00000000f3a80000,0x00000000f3a80000,0x00000000f8580000)
 ParOldGen       total 164352K, used 156502K [0x00000000a0000000, 0x00000000aa080000, 0x00000000e0000000)
  object space 164352K, 95% used [0x00000000a0000000,0x00000000a98d5a40,0x00000000aa080000)
 Metaspace       used 100724K, capacity 105024K, committed 105176K, reserved 1140736K
  class space    used 12873K, capacity 13732K, committed 13824K, reserved 1048576K
}
Event: 185.454 GC heap before
{Heap before GC invocations=25 (full 5):
 PSYoungGen      total 396288K, used 47165K [0x00000000e0000000, 0x00000000ff200000, 0x0000000100000000)
  eden space 322048K, 0% used [0x00000000e0000000,0x00000000e0000000,0x00000000f3a80000)
  from space 74240K, 63% used [0x00000000f8580000,0x00000000fb38f6e8,0x00000000fce00000)
  to   space 76800K, 0% used [0x00000000f3a80000,0x00000000f3a80000,0x00000000f8580000)
 ParOldGen       total 164352K, used 156502K [0x00000000a0000000, 0x00000000aa080000, 0x00000000e0000000)
  object space 164352K, 95% used [0x00000000a0000000,0x00000000a98d5a40,0x00000000aa080000)
 Metaspace       used 100724K, capacity 105024K, committed 105176K, reserved 1140736K
  class space    used 12873K, capacity 13732K, committed 13824K, reserved 1048576K
Event: 185.746 GC heap after
Heap after GC invocations=25 (full 5):
 PSYoungGen      total 396288K, used 0K [0x00000000e0000000, 0x00000000ff200000, 0x0000000100000000)
  eden space 322048K, 0% used [0x00000000e0000000,0x00000000e0000000,0x00000000f3a80000)
  from space 74240K, 0% used [0x00000000f8580000,0x00000000f8580000,0x00000000fce00000)
  to   space 76800K, 0% used [0x00000000f3a80000,0x00000000f3a80000,0x00000000f8580000)
 ParOldGen       total 204800K, used 111285K [0x00000000a0000000, 0x00000000ac800000, 0x00000000e0000000)
  object space 204800K, 54% used [0x00000000a0000000,0x00000000a6cad410,0x00000000ac800000)
 Metaspace       used 100709K, capacity 104992K, committed 105176K, reserved 1140736K
  class space    used 12868K, capacity 13722K, committed 13824K, reserved 1048576K
}

Deoptimization events (10 events):
Event: 187.045 Thread 0x0000000018f49000 Uncommon trap: reason=unstable_if action=reinterpret pc=0x0000000003622a48 method=com.esotericsoftware.kryo.io.Input.require(I)I @ 117
Event: 302.885 Thread 0x0000000018f06800 Uncommon trap: reason=class_check action=maybe_recompile pc=0x0000000004a2fa38 method=sun.nio.ch.IOUtil.readIntoNativeBuffer(Ljava/io/FileDescriptor;Ljava/nio/ByteBuffer;JLsun/nio/ch/NativeDispatcher;)I @ 114
Event: 302.963 Thread 0x000000001b116800 Uncommon trap: reason=class_check action=maybe_recompile pc=0x0000000004711d24 method=sun.nio.ch.IOUtil.readIntoNativeBuffer(Ljava/io/FileDescriptor;Ljava/nio/ByteBuffer;JLsun/nio/ch/NativeDispatcher;)I @ 114
Event: 303.035 Thread 0x000000001b11a800 Uncommon trap: reason=class_check action=maybe_recompile pc=0x0000000004b52844 method=java.util.Collections$SetFromMap.contains(Ljava/lang/Object;)Z @ 5
Event: 303.035 Thread 0x000000001b11a800 Uncommon trap: reason=class_check action=maybe_recompile pc=0x0000000004b52844 method=java.util.Collections$SetFromMap.contains(Ljava/lang/Object;)Z @ 5
Event: 303.037 Thread 0x000000001b11a800 Uncommon trap: reason=speculate_class_check action=maybe_recompile pc=0x00000000044f3f54 method=java.util.ArrayList.<init>(Ljava/util/Collection;)V @ 36
Event: 303.037 Thread 0x000000001b11a800 Uncommon trap: reason=speculate_class_check action=maybe_recompile pc=0x00000000044f3f54 method=java.util.ArrayList.<init>(Ljava/util/Collection;)V @ 36
Event: 303.055 Thread 0x000000001b11a800 Uncommon trap: reason=unstable_if action=reinterpret pc=0x0000000005419a3c method=com.google.common.collect.MapMakerInternalMap$Segment.getEntry(Ljava/lang/Object;I)Lcom/google/common/collect/MapMakerInternalMap$ReferenceEntry; @ 4
Event: 304.392 Thread 0x000000001b11a800 Uncommon trap: reason=class_check action=maybe_recompile pc=0x0000000003538880 method=java.lang.Throwable.<init>(Ljava/lang/String;Ljava/lang/Throwable;)V @ 24
Event: 305.416 Thread 0x000000001b11a800 Uncommon trap: reason=class_check action=maybe_recompile pc=0x000000000495b2b4 method=java.util.concurrent.ConcurrentHashMap.computeIfAbsent(Ljava/lang/Object;Ljava/util/function/Function;)Ljava/lang/Object; @ 278

Classes redefined (0 events):
No events

Internal exceptions (10 events):
Event: 308.820 Thread 0x000000001b11a800 Exception <a 'sun/nio/fs/WindowsException'> (0x00000000eca924e8) thrown at [D:\src\AOSP-openjdk-cygwin\jdk8u\hotspot\src\share\vm\prims\jni.cpp, line 710]
Event: 308.828 Thread 0x000000001b11a800 Exception <a 'sun/nio/fs/WindowsException'> (0x00000000eca982d0) thrown at [D:\src\AOSP-openjdk-cygwin\jdk8u\hotspot\src\share\vm\prims\jni.cpp, line 710]
Event: 308.828 Thread 0x000000001b11a800 Exception <a 'sun/nio/fs/WindowsException'> (0x00000000eca999b0) thrown at [D:\src\AOSP-openjdk-cygwin\jdk8u\hotspot\src\share\vm\prims\jni.cpp, line 710]
Event: 308.828 Thread 0x000000001b11a800 Exception <a 'sun/nio/fs/WindowsException'> (0x00000000eca9d018) thrown at [D:\src\AOSP-openjdk-cygwin\jdk8u\hotspot\src\share\vm\prims\jni.cpp, line 710]
Event: 308.828 Thread 0x000000001b11a800 Exception <a 'sun/nio/fs/WindowsException'> (0x00000000eca9e730) thrown at [D:\src\AOSP-openjdk-cygwin\jdk8u\hotspot\src\share\vm\prims\jni.cpp, line 710]
Event: 308.851 Thread 0x000000001b11a800 Exception <a 'sun/nio/fs/WindowsException'> (0x00000000ecaaf920) thrown at [D:\src\AOSP-openjdk-cygwin\jdk8u\hotspot\src\share\vm\prims\jni.cpp, line 710]
Event: 308.852 Thread 0x000000001b11a800 Exception <a 'sun/nio/fs/WindowsException'> (0x00000000ecab0fe8) thrown at [D:\src\AOSP-openjdk-cygwin\jdk8u\hotspot\src\share\vm\prims\jni.cpp, line 710]
Event: 308.852 Thread 0x000000001b11a800 Exception <a 'sun/nio/fs/WindowsException'> (0x00000000ecab4628) thrown at [D:\src\AOSP-openjdk-cygwin\jdk8u\hotspot\src\share\vm\prims\jni.cpp, line 710]
Event: 308.852 Thread 0x000000001b11a800 Exception <a 'sun/nio/fs/WindowsException'> (0x00000000ecab5d30) thrown at [D:\src\AOSP-openjdk-cygwin\jdk8u\hotspot\src\share\vm\prims\jni.cpp, line 710]
Event: 308.853 Thread 0x000000001b11a800 Exception <a 'sun/nio/fs/WindowsException'> (0x00000000ecabc390) thrown at [D:\src\AOSP-openjdk-cygwin\jdk8u\hotspot\src\share\vm\prims\jni.cpp, line 710]

Events (10 events):
Event: 305.270 Executing VM operation: RevokeBias done
Event: 305.270 Thread 0x000000001b11a800 DEOPT PACKING pc=0x0000000004ac5536 sp=0x0000000026566b30
Event: 305.270 Thread 0x000000001b11a800 DEOPT UNPACKING pc=0x0000000002d971d0 sp=0x0000000026566808 mode 0
Event: 305.415 Executing VM operation: RevokeBias
Event: 305.415 Executing VM operation: RevokeBias done
Event: 305.416 Executing VM operation: RevokeBias
Event: 305.416 Executing VM operation: RevokeBias done
Event: 305.416 Thread 0x000000001b11a800 Uncommon trap: trap_request=0xffffffde fr.pc=0x000000000495b2b4
Event: 305.416 Thread 0x000000001b11a800 DEOPT PACKING pc=0x000000000495b2b4 sp=0x00000000265684b0
Event: 305.416 Thread 0x000000001b11a800 DEOPT UNPACKING pc=0x0000000002d9557b sp=0x0000000026568448 mode 2


Dynamic libraries:
0x00007ff686330000 - 0x00007ff686361000 	C:\src\Android Studio\jre\bin\java.exe
0x00007ffdfbb70000 - 0x00007ffdfbd5d000 	C:\Windows\SYSTEM32\ntdll.dll
0x00007ffdf9270000 - 0x00007ffdf9323000 	C:\Windows\System32\KERNEL32.DLL
0x00007ffdf8280000 - 0x00007ffdf8513000 	C:\Windows\System32\KERNELBASE.dll
0x00007ffdf99e0000 - 0x00007ffdf9a83000 	C:\Windows\System32\ADVAPI32.dll
0x00007ffdf9e20000 - 0x00007ffdf9ebe000 	C:\Windows\System32\msvcrt.dll
0x00007ffdfba20000 - 0x00007ffdfbabe000 	C:\Windows\System32\sechost.dll
0x00007ffdf98b0000 - 0x00007ffdf99d2000 	C:\Windows\System32\RPCRT4.dll
0x00007ffdf9fd0000 - 0x00007ffdfa167000 	C:\Windows\System32\USER32.dll
0x00007ffdf7ef0000 - 0x00007ffdf7f10000 	C:\Windows\System32\win32u.dll
0x00007ffdf9390000 - 0x00007ffdf93b9000 	C:\Windows\System32\GDI32.dll
0x00007ffdf80c0000 - 0x00007ffdf8259000 	C:\Windows\System32\gdi32full.dll
0x00007ffdf85a0000 - 0x00007ffdf8640000 	C:\Windows\System32\msvcp_win.dll
0x00007ffdf7f10000 - 0x00007ffdf800a000 	C:\Windows\System32\ucrtbase.dll
0x00007ffdefad0000 - 0x00007ffdefd49000 	C:\Windows\WinSxS\amd64_microsoft.windows.common-controls_6595b64144ccf1df_6.0.17763.864_none_05b3441807210760\COMCTL32.dll
0x00007ffdf9a90000 - 0x00007ffdf9dbc000 	C:\Windows\System32\combase.dll
0x00007ffdf8520000 - 0x00007ffdf859e000 	C:\Windows\System32\bcryptPrimitives.dll
0x00007ffdf8f50000 - 0x00007ffdf8f7e000 	C:\Windows\System32\IMM32.DLL
0x000000006a550000 - 0x000000006a622000 	C:\src\Android Studio\jre\jre\bin\msvcr100.dll
0x0000000069d00000 - 0x000000006a546000 	C:\src\Android Studio\jre\jre\bin\server\jvm.dll
0x00007ffdf93c0000 - 0x00007ffdf93c8000 	C:\Windows\System32\PSAPI.DLL
0x00007ffdf0ae0000 - 0x00007ffdf0ae9000 	C:\Windows\SYSTEM32\WSOCK32.dll
0x00007ffdf9050000 - 0x00007ffdf90bd000 	C:\Windows\System32\WS2_32.dll
0x00007ffdf5cf0000 - 0x00007ffdf5d14000 	C:\Windows\SYSTEM32\WINMM.dll
0x00007ffdf2df0000 - 0x00007ffdf2dfa000 	C:\Windows\SYSTEM32\VERSION.dll
0x00007ffdf5cc0000 - 0x00007ffdf5ced000 	C:\Windows\SYSTEM32\WINMMBASE.dll
0x00007ffdf8010000 - 0x00007ffdf805a000 	C:\Windows\System32\cfgmgr32.dll
0x00007ffdf5de0000 - 0x00007ffdf5def000 	C:\src\Android Studio\jre\jre\bin\verify.dll
0x00007ffdf0aa0000 - 0x00007ffdf0ac9000 	C:\src\Android Studio\jre\jre\bin\java.dll
0x00007ffdf0b10000 - 0x00007ffdf0b26000 	C:\src\Android Studio\jre\jre\bin\zip.dll
0x00007ffdfa2d0000 - 0x00007ffdfb7c4000 	C:\Windows\System32\SHELL32.dll
0x00007ffdf9f20000 - 0x00007ffdf9fc8000 	C:\Windows\System32\shcore.dll
0x00007ffdf8640000 - 0x00007ffdf8d8d000 	C:\Windows\System32\windows.storage.dll
0x00007ffdf7c00000 - 0x00007ffdf7c24000 	C:\Windows\System32\profapi.dll
0x00007ffdf7ba0000 - 0x00007ffdf7bfd000 	C:\Windows\System32\powrprof.dll
0x00007ffdf9ec0000 - 0x00007ffdf9f12000 	C:\Windows\System32\shlwapi.dll
0x00007ffdf7b60000 - 0x00007ffdf7b71000 	C:\Windows\System32\kernel.appcore.dll
0x00007ffdf8260000 - 0x00007ffdf8277000 	C:\Windows\System32\cryptsp.dll
0x00007ffdf0a80000 - 0x00007ffdf0a9a000 	C:\src\Android Studio\jre\jre\bin\net.dll
0x00007ffdf73d0000 - 0x00007ffdf7437000 	C:\Windows\system32\mswsock.dll
0x00007ffdf09f0000 - 0x00007ffdf0a01000 	C:\src\Android Studio\jre\jre\bin\nio.dll
0x00007ffdf0660000 - 0x00007ffdf067e000 	C:\Users\Desenvolvimento\.gradle\native\25\windows-amd64\native-platform.dll
0x00007ffdf5db0000 - 0x00007ffdf5dbd000 	C:\src\Android Studio\jre\jre\bin\management.dll
0x00007ffdf6f50000 - 0x00007ffdf6f83000 	C:\Windows\system32\rsaenh.dll
0x00007ffdf7c30000 - 0x00007ffdf7c56000 	C:\Windows\System32\bcrypt.dll
0x00007ffdf7a90000 - 0x00007ffdf7ab8000 	C:\Windows\SYSTEM32\USERENV.dll
0x00007ffdf75a0000 - 0x00007ffdf75ac000 	C:\Windows\SYSTEM32\CRYPTBASE.dll
0x00007ffdf70f0000 - 0x00007ffdf712d000 	C:\Windows\SYSTEM32\IPHLPAPI.DLL
0x00007ffdf8f40000 - 0x00007ffdf8f48000 	C:\Windows\System32\NSI.dll
0x00007ffdf1b50000 - 0x00007ffdf1b66000 	C:\Windows\SYSTEM32\dhcpcsvc6.DLL
0x00007ffdf1b30000 - 0x00007ffdf1b4c000 	C:\Windows\SYSTEM32\dhcpcsvc.DLL
0x00007ffdf7140000 - 0x00007ffdf7206000 	C:\Windows\SYSTEM32\DNSAPI.dll
0x00007ffdea0a0000 - 0x00007ffdea28d000 	C:\Windows\SYSTEM32\dbghelp.dll

VM Arguments:
jvm_args: -Xmx1536M -Dfile.encoding=windows-1252 -Duser.country=BR -Duser.language=pt -Duser.variant 
java_command: org.gradle.launcher.daemon.bootstrap.GradleDaemon 4.10.2
java_class_path (initial): C:\Users\Desenvolvimento\.gradle\wrapper\dists\gradle-4.10.2-all\9fahxiiecdb76a5g3aw9oi8rv\gradle-4.10.2\lib\gradle-launcher-4.10.2.jar
Launcher Type: SUN_STANDARD

Environment Variables:
JAVA_HOME=C:\src\Android Studio\jre
CLASSPATH=C:\src\Projetos\JV\jv\android\\gradle\wrapper\gradle-wrapper.jar
PATH=C:\Windows\system32;C:\Windows;C:\Windows\System32\Wbem;C:\Windows\System32\WindowsPowerShell\v1.0\;C:\Windows\System32\OpenSSH\;C:\src\flutter\bin;C:\Program Files (x86)\NVIDIA Corporation\PhysX\Common;C:\Program Files\NVIDIA Corporation\NVIDIA NvDLISR;C:\Program Files\Git\cmd;C:\src\Dart\dart-sdk\bin;C:\Users\Desenvolvimento\AppData\Local\Microsoft\WindowsApps;C:\src\Microsoft VS Code\bin;C:\src\flutter\bin;;C:\src\flutter\bin\mingit\cmd
USERNAME=Desenvolvimento
OS=Windows_NT
PROCESSOR_IDENTIFIER=AMD64 Family 16 Model 6 Stepping 3, AuthenticAMD



---------------  S Y S T E M  ---------------

OS: Windows 10.0 , 64 bit Build 17763 (10.0.17763.475)

CPU:total 2 (initial active 2) (2 cores per cpu, 1 threads per core) family 16 model 6 stepping 3, cmov, cx8, fxsr, mmx, sse, sse2, sse3, popcnt, mmxext, 3dnowpref, lzcnt, sse4a, tsc, tscinvbit, tscinv

Memory: 4k page, physical 3667508k(401744k free), swap 9178360k(2724384k free)

vm_info: OpenJDK 64-Bit Server VM (25.202-b03) for windows-amd64 JRE (1.8.0_202-release-1483-b03), built by "builder" with MS VC++ 10.0 (VS2010)

time: Thu Dec 12 17:11:20 2019
timezone: Hora oficial do Brasil
elapsed time: 309 seconds (0d 0h 5m 9s)

